{"C:\\Users\\motoc\\Projects\\technical-test\\y-ventures-group\\yvg-fe-assessment\\src\\components\\empty-state.tsx": {"path":"C:\\Users\\motoc\\Projects\\technical-test\\y-ventures-group\\yvg-fe-assessment\\src\\components\\empty-state.tsx","statementMap":{"0":{"start":{"line":11,"column":13},"end":{"line":11,"column":26}},"1":{"start":{"line":1,"column":22},"end":{"line":1,"column":null}}},"fnMap":{},"branchMap":{"0":{"loc":{"start":{"line":15,"column":27},"end":{"line":15,"column":66}},"type":"cond-expr","locations":[{"start":{"line":15,"column":41},"end":{"line":15,"column":59}},{"start":{"line":15,"column":62},"end":{"line":15,"column":66}}]},"1":{"loc":{"start":{"line":23,"column":9},"end":{"line":23,"column":17}},"type":"binary-expr","locations":[{"start":{"line":23,"column":9},"end":{"line":23,"column":17}}]},"2":{"loc":{"start":{"line":27,"column":5},"end":{"line":27,"column":null}},"type":"binary-expr","locations":[{"start":{"line":27,"column":5},"end":{"line":27,"column":null}}]}},"s":{"0":9,"1":4},"f":{},"b":{"0":[8,1],"1":[9],"2":[9]}}
,"C:\\Users\\motoc\\Projects\\technical-test\\y-ventures-group\\yvg-fe-assessment\\src\\components\\error-state.tsx": {"path":"C:\\Users\\motoc\\Projects\\technical-test\\y-ventures-group\\yvg-fe-assessment\\src\\components\\error-state.tsx","statementMap":{"0":{"start":{"line":12,"column":13},"end":{"line":12,"column":26}},"1":{"start":{"line":1,"column":39},"end":{"line":1,"column":null}},"2":{"start":{"line":3,"column":24},"end":{"line":3,"column":null}},"3":{"start":{"line":5,"column":23},"end":{"line":5,"column":null}},"4":{"start":{"line":12,"column":26},"end":{"line":45,"column":null}},"5":{"start":{"line":13,"column":16},"end":{"line":13,"column":null}}},"fnMap":{"0":{"name":"(anonymous_1)","decl":{"start":{"line":12,"column":26},"end":{"line":12,"column":27}},"loc":{"start":{"line":12,"column":64},"end":{"line":45,"column":null}}}},"branchMap":{"0":{"loc":{"start":{"line":32,"column":7},"end":{"line":32,"column":null}},"type":"binary-expr","locations":[{"start":{"line":32,"column":7},"end":{"line":32,"column":null}}]}},"s":{"0":9,"1":3,"2":3,"3":3,"4":3,"5":9},"f":{"0":9},"b":{"0":[9]}}
,"C:\\Users\\motoc\\Projects\\technical-test\\y-ventures-group\\yvg-fe-assessment\\src\\components\\language-toggle.tsx": {"path":"C:\\Users\\motoc\\Projects\\technical-test\\y-ventures-group\\yvg-fe-assessment\\src\\components\\language-toggle.tsx","statementMap":{"0":{"start":{"line":4,"column":13},"end":{"line":4,"column":30}},"1":{"start":{"line":1,"column":23},"end":{"line":1,"column":null}},"2":{"start":{"line":2,"column":24},"end":{"line":2,"column":null}},"3":{"start":{"line":4,"column":30},"end":{"line":24,"column":null}},"4":{"start":{"line":5,"column":38},"end":{"line":5,"column":null}},"5":{"start":{"line":6,"column":21},"end":{"line":6,"column":null}},"6":{"start":{"line":8,"column":23},"end":{"line":8,"column":null}},"7":{"start":{"line":9,"column":20},"end":{"line":9,"column":null}}},"fnMap":{"0":{"name":"(anonymous_1)","decl":{"start":{"line":4,"column":30},"end":{"line":4,"column":null}},"loc":{"start":{"line":4,"column":30},"end":{"line":24,"column":null}}}},"branchMap":{"0":{"loc":{"start":{"line":6,"column":21},"end":{"line":6,"column":null}},"type":"cond-expr","locations":[{"start":{"line":6,"column":39},"end":{"line":6,"column":46}},{"start":{"line":6,"column":46},"end":{"line":6,"column":null}}]},"1":{"loc":{"start":{"line":8,"column":23},"end":{"line":8,"column":null}},"type":"cond-expr","locations":[{"start":{"line":8,"column":41},"end":{"line":8,"column":67}},{"start":{"line":8,"column":67},"end":{"line":8,"column":null}}]},"2":{"loc":{"start":{"line":9,"column":20},"end":{"line":9,"column":null}},"type":"cond-expr","locations":[{"start":{"line":9,"column":42},"end":{"line":9,"column":68}},{"start":{"line":9,"column":68},"end":{"line":9,"column":null}}]}},"s":{"0":2,"1":1,"2":1,"3":1,"4":2,"5":2,"6":2,"7":2},"f":{"0":2},"b":{"0":[1,1],"1":[1,1],"2":[1,1]}}
,"C:\\Users\\motoc\\Projects\\technical-test\\y-ventures-group\\yvg-fe-assessment\\src\\components\\layout.tsx": {"path":"C:\\Users\\motoc\\Projects\\technical-test\\y-ventures-group\\yvg-fe-assessment\\src\\components\\layout.tsx","statementMap":{"0":{"start":{"line":37,"column":13},"end":{"line":37,"column":22}},"1":{"start":{"line":15,"column":13},"end":{"line":15,"column":38}},"2":{"start":{"line":20,"column":13},"end":{"line":20,"column":29}},"3":{"start":{"line":1,"column":57},"end":{"line":1,"column":null}},"4":{"start":{"line":2,"column":80},"end":{"line":2,"column":null}},"5":{"start":{"line":3,"column":34},"end":{"line":3,"column":null}},"6":{"start":{"line":5,"column":23},"end":{"line":5,"column":null}},"7":{"start":{"line":6,"column":31},"end":{"line":6,"column":null}},"8":{"start":{"line":7,"column":28},"end":{"line":7,"column":null}},"9":{"start":{"line":8,"column":24},"end":{"line":8,"column":null}},"10":{"start":{"line":9,"column":19},"end":{"line":9,"column":null}},"11":{"start":{"line":15,"column":38},"end":{"line":18,"column":null}},"12":{"start":{"line":16,"column":2},"end":{"line":16,"column":null}},"13":{"start":{"line":16,"column":12},"end":{"line":16,"column":null}},"14":{"start":{"line":17,"column":2},"end":{"line":17,"column":null}},"15":{"start":{"line":20,"column":29},"end":{"line":20,"column":null}},"16":{"start":{"line":20,"column":36},"end":{"line":20,"column":null}},"17":{"start":{"line":22,"column":17},"end":{"line":35,"column":null}},"18":{"start":{"line":37,"column":22},"end":{"line":214,"column":null}},"19":{"start":{"line":38,"column":19},"end":{"line":38,"column":null}},"20":{"start":{"line":39,"column":46},"end":{"line":39,"column":null}},"21":{"start":{"line":40,"column":20},"end":{"line":40,"column":null}},"22":{"start":{"line":41,"column":42},"end":{"line":43,"column":null}},"23":{"start":{"line":42,"column":4},"end":{"line":42,"column":null}},"24":{"start":{"line":44,"column":16},"end":{"line":44,"column":null}},"25":{"start":{"line":46,"column":2},"end":{"line":57,"column":null}},"26":{"start":{"line":47,"column":20},"end":{"line":47,"column":37}},"27":{"start":{"line":48,"column":4},"end":{"line":48,"column":null}},"28":{"start":{"line":48,"column":59},"end":{"line":48,"column":null}},"29":{"start":{"line":50,"column":25},"end":{"line":50,"column":null}},"30":{"start":{"line":50,"column":31},"end":{"line":50,"column":null}},"31":{"start":{"line":51,"column":4},"end":{"line":51,"column":null}},"32":{"start":{"line":53,"column":21},"end":{"line":53,"column":null}},"33":{"start":{"line":54,"column":4},"end":{"line":54,"column":null}},"34":{"start":{"line":56,"column":4},"end":{"line":56,"column":null}},"35":{"start":{"line":56,"column":17},"end":{"line":56,"column":null}},"36":{"start":{"line":59,"column":22},"end":{"line":61,"column":null}},"37":{"start":{"line":101,"column":16},"end":{"line":102,"column":null}},"38":{"start":{"line":138,"column":29},"end":{"line":138,"column":null}},"39":{"start":{"line":162,"column":16},"end":{"line":163,"column":null}},"40":{"start":{"line":165,"column":33},"end":{"line":165,"column":null}}},"fnMap":{"0":{"name":"(anonymous_4)","decl":{"start":{"line":15,"column":38},"end":{"line":15,"column":39}},"loc":{"start":{"line":15,"column":39},"end":{"line":18,"column":null}}},"1":{"name":"(anonymous_5)","decl":{"start":{"line":20,"column":29},"end":{"line":20,"column":36}},"loc":{"start":{"line":20,"column":36},"end":{"line":20,"column":null}}},"2":{"name":"(anonymous_6)","decl":{"start":{"line":37,"column":22},"end":{"line":37,"column":23}},"loc":{"start":{"line":37,"column":48},"end":{"line":214,"column":null}}},"3":{"name":"(anonymous_7)","decl":{"start":{"line":41,"column":51},"end":{"line":41,"column":null}},"loc":{"start":{"line":41,"column":51},"end":{"line":43,"column":null}}},"4":{"name":"(anonymous_8)","decl":{"start":{"line":46,"column":12},"end":{"line":46,"column":null}},"loc":{"start":{"line":46,"column":12},"end":{"line":57,"column":5}}},"5":{"name":"(anonymous_9)","decl":{"start":{"line":50,"column":25},"end":{"line":50,"column":31}},"loc":{"start":{"line":50,"column":31},"end":{"line":50,"column":null}}},"6":{"name":"(anonymous_10)","decl":{"start":{"line":56,"column":11},"end":{"line":56,"column":17}},"loc":{"start":{"line":56,"column":17},"end":{"line":56,"column":null}}},"7":{"name":"(anonymous_11)","decl":{"start":{"line":100,"column":28},"end":{"line":100,"column":29}},"loc":{"start":{"line":101,"column":16},"end":{"line":102,"column":null}}},"8":{"name":"(anonymous_12)","decl":{"start":{"line":138,"column":23},"end":{"line":138,"column":29}},"loc":{"start":{"line":138,"column":29},"end":{"line":138,"column":null}}},"9":{"name":"(anonymous_13)","decl":{"start":{"line":161,"column":28},"end":{"line":161,"column":29}},"loc":{"start":{"line":162,"column":16},"end":{"line":163,"column":null}}},"10":{"name":"(anonymous_14)","decl":{"start":{"line":165,"column":27},"end":{"line":165,"column":33}},"loc":{"start":{"line":165,"column":33},"end":{"line":165,"column":null}}}},"branchMap":{"0":{"loc":{"start":{"line":16,"column":2},"end":{"line":16,"column":null}},"type":"if","locations":[{"start":{"line":16,"column":2},"end":{"line":16,"column":null}}]},"1":{"loc":{"start":{"line":17,"column":9},"end":{"line":17,"column":null}},"type":"cond-expr","locations":[{"start":{"line":17,"column":33},"end":{"line":17,"column":38}},{"start":{"line":17,"column":38},"end":{"line":17,"column":null}}]},"2":{"loc":{"start":{"line":20,"column":36},"end":{"line":20,"column":null}},"type":"cond-expr","locations":[{"start":{"line":20,"column":68},"end":{"line":20,"column":80}},{"start":{"line":20,"column":80},"end":{"line":20,"column":null}}]},"3":{"loc":{"start":{"line":48,"column":4},"end":{"line":48,"column":null}},"type":"if","locations":[{"start":{"line":48,"column":4},"end":{"line":48,"column":null}}]},"4":{"loc":{"start":{"line":48,"column":8},"end":{"line":48,"column":59}},"type":"binary-expr","locations":[{"start":{"line":48,"column":8},"end":{"line":48,"column":20}},{"start":{"line":48,"column":20},"end":{"line":48,"column":59}}]},"5":{"loc":{"start":{"line":106,"column":20},"end":{"line":108,"column":null}},"type":"cond-expr","locations":[{"start":{"line":107,"column":24},"end":{"line":107,"column":null}},{"start":{"line":108,"column":24},"end":{"line":108,"column":null}}]},"6":{"loc":{"start":{"line":110,"column":32},"end":{"line":110,"column":null}},"type":"cond-expr","locations":[{"start":{"line":110,"column":61},"end":{"line":110,"column":70}},{"start":{"line":110,"column":70},"end":{"line":110,"column":null}}]},"7":{"loc":{"start":{"line":115,"column":19},"end":{"line":115,"column":null}},"type":"binary-expr","locations":[{"start":{"line":115,"column":19},"end":{"line":115,"column":null}}]},"8":{"loc":{"start":{"line":134,"column":16},"end":{"line":136,"column":null}},"type":"cond-expr","locations":[{"start":{"line":135,"column":20},"end":{"line":135,"column":null}},{"start":{"line":136,"column":20},"end":{"line":136,"column":null}}]},"9":{"loc":{"start":{"line":141,"column":26},"end":{"line":141,"column":null}},"type":"cond-expr","locations":[{"start":{"line":141,"column":43},"end":{"line":141,"column":67}},{"start":{"line":141,"column":67},"end":{"line":141,"column":null}}]},"10":{"loc":{"start":{"line":144,"column":16},"end":{"line":146,"column":17}},"type":"cond-expr","locations":[{"start":{"line":144,"column":16},"end":{"line":146,"column":17}}]},"11":{"loc":{"start":{"line":153,"column":9},"end":{"line":153,"column":null}},"type":"binary-expr","locations":[{"start":{"line":153,"column":9},"end":{"line":153,"column":null}}]},"12":{"loc":{"start":{"line":168,"column":20},"end":{"line":170,"column":null}},"type":"cond-expr","locations":[{"start":{"line":169,"column":24},"end":{"line":169,"column":null}},{"start":{"line":170,"column":24},"end":{"line":170,"column":null}}]},"13":{"loc":{"start":{"line":172,"column":32},"end":{"line":172,"column":null}},"type":"cond-expr","locations":[{"start":{"line":172,"column":61},"end":{"line":172,"column":70}},{"start":{"line":172,"column":70},"end":{"line":172,"column":null}}]},"14":{"loc":{"start":{"line":181,"column":24},"end":{"line":183,"column":null}},"type":"cond-expr","locations":[{"start":{"line":182,"column":28},"end":{"line":182,"column":null}},{"start":{"line":183,"column":28},"end":{"line":183,"column":null}}]}},"s":{"0":4,"1":2,"2":1,"3":1,"4":1,"5":1,"6":1,"7":1,"8":1,"9":1,"10":1,"11":1,"12":6,"13":1,"14":5,"15":1,"16":5,"17":1,"18":1,"19":12,"20":12,"21":12,"22":12,"23":4,"24":12,"25":12,"26":4,"27":4,"28":1,"29":3,"30":3,"31":3,"32":3,"33":3,"34":3,"35":3,"36":12,"37":24,"38":3,"39":4,"40":1},"f":{"0":6,"1":5,"2":12,"3":4,"4":4,"5":3,"6":3,"7":24,"8":3,"9":4,"10":1},"b":{"0":[1],"1":[3,2],"2":[1,4],"3":[1],"4":[4,4],"5":[12,12],"6":[12,12],"7":[24],"8":[2,10],"9":[2,10],"10":[2],"11":[12],"12":[2,2],"13":[2,2],"14":[2,2]}}
,"C:\\Users\\motoc\\Projects\\technical-test\\y-ventures-group\\yvg-fe-assessment\\src\\components\\loading-state.tsx": {"path":"C:\\Users\\motoc\\Projects\\technical-test\\y-ventures-group\\yvg-fe-assessment\\src\\components\\loading-state.tsx","statementMap":{"0":{"start":{"line":9,"column":13},"end":{"line":9,"column":28}},"1":{"start":{"line":1,"column":24},"end":{"line":1,"column":null}},"2":{"start":{"line":3,"column":24},"end":{"line":3,"column":null}},"3":{"start":{"line":9,"column":28},"end":{"line":31,"column":null}},"4":{"start":{"line":10,"column":16},"end":{"line":10,"column":null}},"5":{"start":{"line":11,"column":25},"end":{"line":11,"column":null}}},"fnMap":{"0":{"name":"(anonymous_1)","decl":{"start":{"line":9,"column":28},"end":{"line":9,"column":29}},"loc":{"start":{"line":9,"column":59},"end":{"line":31,"column":null}}}},"branchMap":{"0":{"loc":{"start":{"line":11,"column":25},"end":{"line":11,"column":null}},"type":"binary-expr","locations":[{"start":{"line":11,"column":25},"end":{"line":11,"column":36}},{"start":{"line":11,"column":36},"end":{"line":11,"column":null}}]}},"s":{"0":3,"1":2,"2":2,"3":2,"4":3,"5":3},"f":{"0":3},"b":{"0":[3,1]}}
,"C:\\Users\\motoc\\Projects\\technical-test\\y-ventures-group\\yvg-fe-assessment\\src\\components\\nav-link.tsx": {"path":"C:\\Users\\motoc\\Projects\\technical-test\\y-ventures-group\\yvg-fe-assessment\\src\\components\\nav-link.tsx","statementMap":{"0":{"start":{"line":29,"column":9},"end":{"line":29,"column":null}},"1":{"start":{"line":1,"column":27},"end":{"line":1,"column":null}},"2":{"start":{"line":2,"column":55},"end":{"line":2,"column":null}},"3":{"start":{"line":4,"column":19},"end":{"line":4,"column":null}},"4":{"start":{"line":12,"column":16},"end":{"line":24,"column":null}},"5":{"start":{"line":19,"column":10},"end":{"line":19,"column":null}},"6":{"start":{"line":27,"column":0},"end":{"line":27,"column":null}}},"fnMap":{"0":{"name":"(anonymous_1)","decl":{"start":{"line":13,"column":2},"end":{"line":13,"column":3}},"loc":{"start":{"line":13,"column":67},"end":{"line":24,"column":null}}},"1":{"name":"(anonymous_2)","decl":{"start":{"line":18,"column":19},"end":{"line":18,"column":20}},"loc":{"start":{"line":19,"column":10},"end":{"line":19,"column":null}}}},"branchMap":{"0":{"loc":{"start":{"line":19,"column":24},"end":{"line":19,"column":53}},"type":"binary-expr","locations":[{"start":{"line":19,"column":24},"end":{"line":19,"column":36}},{"start":{"line":19,"column":36},"end":{"line":19,"column":53}}]},"1":{"loc":{"start":{"line":19,"column":53},"end":{"line":19,"column":null}},"type":"binary-expr","locations":[{"start":{"line":19,"column":53},"end":{"line":19,"column":66}},{"start":{"line":19,"column":66},"end":{"line":19,"column":null}}]}},"s":{"0":2,"1":1,"2":1,"3":1,"4":1,"5":2,"6":1},"f":{"0":2,"1":2},"b":{"0":[2,2],"1":[2,2]}}
,"C:\\Users\\motoc\\Projects\\technical-test\\y-ventures-group\\yvg-fe-assessment\\src\\components\\theme-toggle.tsx": {"path":"C:\\Users\\motoc\\Projects\\technical-test\\y-ventures-group\\yvg-fe-assessment\\src\\components\\theme-toggle.tsx","statementMap":{"0":{"start":{"line":8,"column":13},"end":{"line":8,"column":27}},"1":{"start":{"line":1,"column":26},"end":{"line":1,"column":null}},"2":{"start":{"line":3,"column":23},"end":{"line":3,"column":null}},"3":{"start":{"line":4,"column":24},"end":{"line":4,"column":null}},"4":{"start":{"line":5,"column":25},"end":{"line":5,"column":null}},"5":{"start":{"line":6,"column":19},"end":{"line":6,"column":null}},"6":{"start":{"line":8,"column":27},"end":{"line":43,"column":null}},"7":{"start":{"line":9,"column":33},"end":{"line":9,"column":null}},"8":{"start":{"line":10,"column":16},"end":{"line":10,"column":null}},"9":{"start":{"line":11,"column":17},"end":{"line":11,"column":null}},"10":{"start":{"line":12,"column":25},"end":{"line":12,"column":null}},"11":{"start":{"line":13,"column":28},"end":{"line":13,"column":null}}},"fnMap":{"0":{"name":"(anonymous_1)","decl":{"start":{"line":8,"column":27},"end":{"line":8,"column":null}},"loc":{"start":{"line":8,"column":27},"end":{"line":43,"column":null}}}},"branchMap":{"0":{"loc":{"start":{"line":12,"column":25},"end":{"line":12,"column":null}},"type":"cond-expr","locations":[{"start":{"line":12,"column":34},"end":{"line":12,"column":60}},{"start":{"line":12,"column":60},"end":{"line":12,"column":null}}]},"1":{"loc":{"start":{"line":13,"column":28},"end":{"line":13,"column":null}},"type":"cond-expr","locations":[{"start":{"line":13,"column":37},"end":{"line":13,"column":62}},{"start":{"line":13,"column":62},"end":{"line":13,"column":null}}]},"2":{"loc":{"start":{"line":29,"column":10},"end":{"line":29,"column":null}},"type":"cond-expr","locations":[{"start":{"line":29,"column":19},"end":{"line":29,"column":53}},{"start":{"line":29,"column":53},"end":{"line":29,"column":null}}]},"3":{"loc":{"start":{"line":36,"column":10},"end":{"line":36,"column":null}},"type":"cond-expr","locations":[{"start":{"line":36,"column":19},"end":{"line":36,"column":54}},{"start":{"line":36,"column":54},"end":{"line":36,"column":null}}]}},"s":{"0":2,"1":1,"2":1,"3":1,"4":1,"5":1,"6":1,"7":2,"8":2,"9":2,"10":2,"11":2},"f":{"0":2},"b":{"0":[1,1],"1":[1,1],"2":[1,1],"3":[1,1]}}
,"C:\\Users\\motoc\\Projects\\technical-test\\y-ventures-group\\yvg-fe-assessment\\src\\components\\core\\button.tsx": {"path":"C:\\Users\\motoc\\Projects\\technical-test\\y-ventures-group\\yvg-fe-assessment\\src\\components\\core\\button.tsx","statementMap":{"0":{"start":{"line":48,"column":9},"end":{"line":48,"column":17}},"1":{"start":{"line":48,"column":17},"end":{"line":48,"column":null}},"2":{"start":{"line":1,"column":21},"end":{"line":1,"column":null}},"3":{"start":{"line":2,"column":39},"end":{"line":2,"column":null}},"4":{"start":{"line":3,"column":23},"end":{"line":3,"column":null}},"5":{"start":{"line":5,"column":19},"end":{"line":5,"column":null}},"6":{"start":{"line":7,"column":23},"end":{"line":30,"column":null}},"7":{"start":{"line":38,"column":15},"end":{"line":44,"column":null}},"8":{"start":{"line":40,"column":17},"end":{"line":40,"column":null}},"9":{"start":{"line":46,"column":0},"end":{"line":46,"column":null}}},"fnMap":{"0":{"name":"(anonymous_6)","decl":{"start":{"line":39,"column":2},"end":{"line":39,"column":3}},"loc":{"start":{"line":39,"column":60},"end":{"line":44,"column":null}}}},"branchMap":{"0":{"loc":{"start":{"line":39,"column":31},"end":{"line":39,"column":46}},"type":"default-arg","locations":[{"start":{"line":39,"column":41},"end":{"line":39,"column":46}}]},"1":{"loc":{"start":{"line":40,"column":17},"end":{"line":40,"column":null}},"type":"cond-expr","locations":[{"start":{"line":40,"column":27},"end":{"line":40,"column":31}},{"start":{"line":40,"column":34},"end":{"line":40,"column":null}}]}},"s":{"0":41,"1":0,"2":11,"3":11,"4":11,"5":11,"6":11,"7":11,"8":41,"9":11},"f":{"0":41},"b":{"0":[41],"1":[0,41]}}
,"C:\\Users\\motoc\\Projects\\technical-test\\y-ventures-group\\yvg-fe-assessment\\src\\components\\core\\input.tsx": {"path":"C:\\Users\\motoc\\Projects\\technical-test\\y-ventures-group\\yvg-fe-assessment\\src\\components\\core\\input.tsx","statementMap":{"0":{"start":{"line":22,"column":9},"end":{"line":22,"column":null}},"1":{"start":{"line":1,"column":23},"end":{"line":1,"column":null}},"2":{"start":{"line":3,"column":19},"end":{"line":3,"column":null}},"3":{"start":{"line":5,"column":14},"end":{"line":18,"column":null}},"4":{"start":{"line":20,"column":0},"end":{"line":20,"column":null}}},"fnMap":{"0":{"name":"(anonymous_4)","decl":{"start":{"line":6,"column":2},"end":{"line":6,"column":3}},"loc":{"start":{"line":6,"column":34},"end":{"line":18,"column":null}}}},"branchMap":{},"s":{"0":4,"1":2,"2":2,"3":2,"4":2},"f":{"0":4},"b":{}}
,"C:\\Users\\motoc\\Projects\\technical-test\\y-ventures-group\\yvg-fe-assessment\\src\\contexts\\locale-context.tsx": {"path":"C:\\Users\\motoc\\Projects\\technical-test\\y-ventures-group\\yvg-fe-assessment\\src\\contexts\\locale-context.tsx","statementMap":{"0":{"start":{"line":58,"column":13},"end":{"line":58,"column":30}},"1":{"start":{"line":53,"column":13},"end":{"line":53,"column":27}},"2":{"start":{"line":98,"column":13},"end":{"line":98,"column":23}},"3":{"start":{"line":1,"column":83},"end":{"line":1,"column":null}},"4":{"start":{"line":3,"column":82},"end":{"line":3,"column":null}},"5":{"start":{"line":19,"column":22},"end":{"line":19,"column":null}},"6":{"start":{"line":21,"column":20},"end":{"line":21,"column":null}},"7":{"start":{"line":22,"column":31},"end":{"line":22,"column":null}},"8":{"start":{"line":24,"column":25},"end":{"line":34,"column":null}},"9":{"start":{"line":25,"column":2},"end":{"line":25,"column":null}},"10":{"start":{"line":25,"column":37},"end":{"line":25,"column":null}},"11":{"start":{"line":27,"column":17},"end":{"line":27,"column":null}},"12":{"start":{"line":28,"column":2},"end":{"line":28,"column":null}},"13":{"start":{"line":28,"column":42},"end":{"line":28,"column":null}},"14":{"start":{"line":30,"column":18},"end":{"line":30,"column":null}},"15":{"start":{"line":31,"column":2},"end":{"line":31,"column":null}},"16":{"start":{"line":31,"column":32},"end":{"line":31,"column":null}},"17":{"start":{"line":33,"column":2},"end":{"line":33,"column":null}},"18":{"start":{"line":36,"column":20},"end":{"line":42,"column":null}},"19":{"start":{"line":37,"column":2},"end":{"line":42,"column":null}},"20":{"start":{"line":38,"column":4},"end":{"line":40,"column":null}},"21":{"start":{"line":39,"column":6},"end":{"line":39,"column":null}},"22":{"start":{"line":41,"column":4},"end":{"line":41,"column":null}},"23":{"start":{"line":44,"column":23},"end":{"line":51,"column":null}},"24":{"start":{"line":45,"column":2},"end":{"line":51,"column":null}},"25":{"start":{"line":47,"column":8},"end":{"line":49,"column":24}},"26":{"start":{"line":53,"column":27},"end":{"line":56,"column":null}},"27":{"start":{"line":58,"column":30},"end":{"line":96,"column":null}},"28":{"start":{"line":59,"column":35},"end":{"line":59,"column":null}},"29":{"start":{"line":61,"column":2},"end":{"line":66,"column":null}},"30":{"start":{"line":62,"column":4},"end":{"line":65,"column":null}},"31":{"start":{"line":63,"column":6},"end":{"line":63,"column":null}},"32":{"start":{"line":64,"column":6},"end":{"line":64,"column":null}},"33":{"start":{"line":68,"column":20},"end":{"line":80,"column":null}},"34":{"start":{"line":69,"column":4},"end":{"line":79,"column":null}},"35":{"start":{"line":70,"column":22},"end":{"line":70,"column":64}},"36":{"start":{"line":71,"column":23},"end":{"line":71,"column":46}},"37":{"start":{"line":72,"column":20},"end":{"line":72,"column":null}},"38":{"start":{"line":74,"column":6},"end":{"line":76,"column":null}},"39":{"start":{"line":75,"column":8},"end":{"line":75,"column":null}},"40":{"start":{"line":78,"column":6},"end":{"line":78,"column":null}},"41":{"start":{"line":82,"column":20},"end":{"line":82,"column":null}},"42":{"start":{"line":82,"column":38},"end":{"line":82,"column":null}},"43":{"start":{"line":83,"column":23},"end":{"line":83,"column":null}},"44":{"start":{"line":83,"column":29},"end":{"line":83,"column":null}},"45":{"start":{"line":83,"column":55},"end":{"line":83,"column":null}},"46":{"start":{"line":85,"column":16},"end":{"line":92,"column":null}},"47":{"start":{"line":86,"column":11},"end":{"line":91,"column":null}},"48":{"start":{"line":98,"column":23},"end":{"line":104,"column":null}},"49":{"start":{"line":99,"column":18},"end":{"line":99,"column":null}},"50":{"start":{"line":100,"column":2},"end":{"line":102,"column":null}},"51":{"start":{"line":101,"column":4},"end":{"line":101,"column":null}},"52":{"start":{"line":103,"column":2},"end":{"line":103,"column":null}}},"fnMap":{"0":{"name":"(anonymous_4)","decl":{"start":{"line":24,"column":25},"end":{"line":24,"column":null}},"loc":{"start":{"line":24,"column":25},"end":{"line":34,"column":null}}},"1":{"name":"(anonymous_5)","decl":{"start":{"line":36,"column":20},"end":{"line":36,"column":44}},"loc":{"start":{"line":37,"column":2},"end":{"line":42,"column":null}}},"2":{"name":"(anonymous_6)","decl":{"start":{"line":37,"column":33},"end":{"line":37,"column":34}},"loc":{"start":{"line":37,"column":39},"end":{"line":42,"column":5}}},"3":{"name":"(anonymous_7)","decl":{"start":{"line":44,"column":23},"end":{"line":44,"column":24}},"loc":{"start":{"line":45,"column":2},"end":{"line":51,"column":null}}},"4":{"name":"(anonymous_8)","decl":{"start":{"line":46,"column":34},"end":{"line":46,"column":35}},"loc":{"start":{"line":47,"column":8},"end":{"line":49,"column":24}}},"5":{"name":"(anonymous_9)","decl":{"start":{"line":58,"column":30},"end":{"line":58,"column":31}},"loc":{"start":{"line":58,"column":68},"end":{"line":96,"column":null}}},"6":{"name":"(anonymous_10)","decl":{"start":{"line":61,"column":12},"end":{"line":61,"column":null}},"loc":{"start":{"line":61,"column":12},"end":{"line":66,"column":5}}},"7":{"name":"(anonymous_11)","decl":{"start":{"line":68,"column":41},"end":{"line":68,"column":null}},"loc":{"start":{"line":68,"column":41},"end":{"line":80,"column":5}}},"8":{"name":"(anonymous_12)","decl":{"start":{"line":69,"column":12},"end":{"line":69,"column":13}},"loc":{"start":{"line":69,"column":26},"end":{"line":79,"column":null}}},"9":{"name":"(anonymous_13)","decl":{"start":{"line":82,"column":20},"end":{"line":82,"column":21}},"loc":{"start":{"line":82,"column":38},"end":{"line":82,"column":null}}},"10":{"name":"(anonymous_14)","decl":{"start":{"line":83,"column":23},"end":{"line":83,"column":29}},"loc":{"start":{"line":83,"column":29},"end":{"line":83,"column":null}}},"11":{"name":"(anonymous_15)","decl":{"start":{"line":83,"column":44},"end":{"line":83,"column":45}},"loc":{"start":{"line":83,"column":55},"end":{"line":83,"column":null}}},"12":{"name":"(anonymous_16)","decl":{"start":{"line":86,"column":4},"end":{"line":86,"column":11}},"loc":{"start":{"line":86,"column":11},"end":{"line":91,"column":null}}},"13":{"name":"(anonymous_17)","decl":{"start":{"line":98,"column":23},"end":{"line":98,"column":null}},"loc":{"start":{"line":98,"column":23},"end":{"line":104,"column":null}}}},"branchMap":{"0":{"loc":{"start":{"line":25,"column":2},"end":{"line":25,"column":null}},"type":"if","locations":[{"start":{"line":25,"column":2},"end":{"line":25,"column":null}}]},"1":{"loc":{"start":{"line":28,"column":2},"end":{"line":28,"column":null}},"type":"if","locations":[{"start":{"line":28,"column":2},"end":{"line":28,"column":null}}]},"2":{"loc":{"start":{"line":28,"column":6},"end":{"line":28,"column":42}},"type":"binary-expr","locations":[{"start":{"line":28,"column":6},"end":{"line":28,"column":25}},{"start":{"line":28,"column":25},"end":{"line":28,"column":42}}]},"3":{"loc":{"start":{"line":31,"column":2},"end":{"line":31,"column":null}},"type":"if","locations":[{"start":{"line":31,"column":2},"end":{"line":31,"column":null}}]},"4":{"loc":{"start":{"line":38,"column":4},"end":{"line":40,"column":null}},"type":"if","locations":[{"start":{"line":38,"column":4},"end":{"line":40,"column":null}}]},"5":{"loc":{"start":{"line":38,"column":8},"end":{"line":38,"column":58}},"type":"binary-expr","locations":[{"start":{"line":38,"column":8},"end":{"line":38,"column":15}},{"start":{"line":38,"column":15},"end":{"line":38,"column":42}},{"start":{"line":38,"column":42},"end":{"line":38,"column":58}}]},"6":{"loc":{"start":{"line":45,"column":2},"end":{"line":51,"column":null}},"type":"cond-expr","locations":[{"start":{"line":46,"column":6},"end":{"line":49,"column":null}},{"start":{"line":51,"column":6},"end":{"line":51,"column":null}}]},"7":{"loc":{"start":{"line":47,"column":8},"end":{"line":49,"column":24}},"type":"cond-expr","locations":[{"start":{"line":48,"column":12},"end":{"line":48,"column":null}},{"start":{"line":49,"column":12},"end":{"line":49,"column":24}}]},"8":{"loc":{"start":{"line":47,"column":8},"end":{"line":47,"column":null}},"type":"binary-expr","locations":[{"start":{"line":47,"column":8},"end":{"line":47,"column":18}},{"start":{"line":47,"column":18},"end":{"line":47,"column":37}},{"start":{"line":47,"column":37},"end":{"line":47,"column":null}}]},"9":{"loc":{"start":{"line":62,"column":4},"end":{"line":65,"column":null}},"type":"if","locations":[{"start":{"line":62,"column":4},"end":{"line":65,"column":null}}]},"10":{"loc":{"start":{"line":70,"column":22},"end":{"line":70,"column":64}},"type":"binary-expr","locations":[{"start":{"line":70,"column":22},"end":{"line":70,"column":37}},{"start":{"line":70,"column":41},"end":{"line":70,"column":64}}]},"11":{"loc":{"start":{"line":72,"column":20},"end":{"line":72,"column":null}},"type":"binary-expr","locations":[{"start":{"line":72,"column":20},"end":{"line":72,"column":49}},{"start":{"line":72,"column":49},"end":{"line":72,"column":null}}]},"12":{"loc":{"start":{"line":74,"column":6},"end":{"line":76,"column":null}},"type":"if","locations":[{"start":{"line":74,"column":6},"end":{"line":76,"column":null}}]},"13":{"loc":{"start":{"line":83,"column":55},"end":{"line":83,"column":null}},"type":"cond-expr","locations":[{"start":{"line":83,"column":71},"end":{"line":83,"column":78}},{"start":{"line":83,"column":78},"end":{"line":83,"column":null}}]},"14":{"loc":{"start":{"line":100,"column":2},"end":{"line":102,"column":null}},"type":"if","locations":[{"start":{"line":100,"column":2},"end":{"line":102,"column":null}}]}},"s":{"0":8,"1":1,"2":16,"3":1,"4":1,"5":1,"6":1,"7":1,"8":1,"9":9,"10":1,"11":8,"12":8,"13":1,"14":7,"15":7,"16":1,"17":6,"18":1,"19":8,"20":19,"21":13,"22":6,"23":1,"24":6,"25":5,"26":1,"27":1,"28":12,"29":12,"30":12,"31":12,"32":12,"33":12,"34":12,"35":7,"36":7,"37":7,"38":7,"39":6,"40":1,"41":12,"42":2,"43":12,"44":2,"45":2,"46":12,"47":12,"48":1,"49":16,"50":16,"51":4,"52":12},"f":{"0":9,"1":8,"2":19,"3":6,"4":5,"5":12,"6":12,"7":12,"8":7,"9":2,"10":2,"11":2,"12":12,"13":16},"b":{"0":[1],"1":[1],"2":[8,8],"3":[1],"4":[13],"5":[19,15,15],"6":[5,1],"7":[4,1],"8":[5,5,5],"9":[12],"10":[7,1],"11":[7,1],"12":[6],"13":[1,1],"14":[4]}}
,"C:\\Users\\motoc\\Projects\\technical-test\\y-ventures-group\\yvg-fe-assessment\\src\\hooks\\use-mobile.tsx": {"path":"C:\\Users\\motoc\\Projects\\technical-test\\y-ventures-group\\yvg-fe-assessment\\src\\hooks\\use-mobile.tsx","statementMap":{"0":{"start":{"line":5,"column":16},"end":{"line":5,"column":null}},"1":{"start":{"line":1,"column":23},"end":{"line":1,"column":null}},"2":{"start":{"line":3,"column":26},"end":{"line":3,"column":null}},"3":{"start":{"line":6,"column":34},"end":{"line":6,"column":null}},"4":{"start":{"line":8,"column":2},"end":{"line":16,"column":null}},"5":{"start":{"line":9,"column":16},"end":{"line":9,"column":null}},"6":{"start":{"line":10,"column":21},"end":{"line":12,"column":null}},"7":{"start":{"line":11,"column":6},"end":{"line":11,"column":null}},"8":{"start":{"line":13,"column":4},"end":{"line":13,"column":null}},"9":{"start":{"line":14,"column":4},"end":{"line":14,"column":null}},"10":{"start":{"line":15,"column":4},"end":{"line":15,"column":null}},"11":{"start":{"line":15,"column":17},"end":{"line":15,"column":null}},"12":{"start":{"line":18,"column":2},"end":{"line":18,"column":null}}},"fnMap":{"0":{"name":"useIsMobile","decl":{"start":{"line":5,"column":16},"end":{"line":5,"column":null}},"loc":{"start":{"line":5,"column":16},"end":{"line":19,"column":null}}},"1":{"name":"(anonymous_5)","decl":{"start":{"line":8,"column":18},"end":{"line":8,"column":null}},"loc":{"start":{"line":8,"column":18},"end":{"line":16,"column":5}}},"2":{"name":"(anonymous_6)","decl":{"start":{"line":10,"column":21},"end":{"line":10,"column":null}},"loc":{"start":{"line":10,"column":21},"end":{"line":12,"column":null}}},"3":{"name":"(anonymous_7)","decl":{"start":{"line":15,"column":11},"end":{"line":15,"column":17}},"loc":{"start":{"line":15,"column":17},"end":{"line":15,"column":null}}}},"branchMap":{},"s":{"0":6,"1":1,"2":1,"3":6,"4":6,"5":2,"6":2,"7":2,"8":2,"9":2,"10":2,"11":2,"12":6},"f":{"0":6,"1":2,"2":2,"3":2},"b":{}}
,"C:\\Users\\motoc\\Projects\\technical-test\\y-ventures-group\\yvg-fe-assessment\\src\\hooks\\use-theme.ts": {"path":"C:\\Users\\motoc\\Projects\\technical-test\\y-ventures-group\\yvg-fe-assessment\\src\\hooks\\use-theme.ts","statementMap":{"0":{"start":{"line":50,"column":13},"end":{"line":50,"column":27}},"1":{"start":{"line":58,"column":16},"end":{"line":58,"column":null}},"2":{"start":{"line":1,"column":49},"end":{"line":1,"column":null}},"3":{"start":{"line":5,"column":26},"end":{"line":5,"column":null}},"4":{"start":{"line":7,"column":22},"end":{"line":10,"column":null}},"5":{"start":{"line":8,"column":2},"end":{"line":8,"column":null}},"6":{"start":{"line":8,"column":25},"end":{"line":8,"column":null}},"7":{"start":{"line":9,"column":2},"end":{"line":9,"column":null}},"8":{"start":{"line":12,"column":27},"end":{"line":15,"column":null}},"9":{"start":{"line":13,"column":2},"end":{"line":13,"column":null}},"10":{"start":{"line":13,"column":25},"end":{"line":13,"column":null}},"11":{"start":{"line":14,"column":2},"end":{"line":14,"column":null}},"12":{"start":{"line":17,"column":26},"end":{"line":25,"column":null}},"13":{"start":{"line":18,"column":2},"end":{"line":18,"column":null}},"14":{"start":{"line":18,"column":12},"end":{"line":18,"column":null}},"15":{"start":{"line":20,"column":17},"end":{"line":20,"column":null}},"16":{"start":{"line":21,"column":2},"end":{"line":21,"column":null}},"17":{"start":{"line":21,"column":47},"end":{"line":21,"column":null}},"18":{"start":{"line":23,"column":28},"end":{"line":23,"column":82}},"19":{"start":{"line":24,"column":2},"end":{"line":24,"column":null}},"20":{"start":{"line":27,"column":29},"end":{"line":34,"column":null}},"21":{"start":{"line":28,"column":2},"end":{"line":28,"column":null}},"22":{"start":{"line":28,"column":13},"end":{"line":28,"column":null}},"23":{"start":{"line":30,"column":2},"end":{"line":30,"column":null}},"24":{"start":{"line":31,"column":2},"end":{"line":31,"column":null}},"25":{"start":{"line":32,"column":2},"end":{"line":32,"column":null}},"26":{"start":{"line":33,"column":2},"end":{"line":33,"column":null}},"27":{"start":{"line":36,"column":33},"end":{"line":48,"column":null}},"28":{"start":{"line":37,"column":2},"end":{"line":37,"column":null}},"29":{"start":{"line":37,"column":12},"end":{"line":37,"column":null}},"30":{"start":{"line":39,"column":21},"end":{"line":39,"column":null}},"31":{"start":{"line":40,"column":23},"end":{"line":44,"column":null}},"32":{"start":{"line":41,"column":19},"end":{"line":41,"column":null}},"33":{"start":{"line":42,"column":4},"end":{"line":42,"column":null}},"34":{"start":{"line":42,"column":49},"end":{"line":42,"column":null}},"35":{"start":{"line":43,"column":4},"end":{"line":43,"column":null}},"36":{"start":{"line":46,"column":2},"end":{"line":46,"column":null}},"37":{"start":{"line":47,"column":2},"end":{"line":47,"column":null}},"38":{"start":{"line":47,"column":15},"end":{"line":47,"column":null}},"39":{"start":{"line":50,"column":27},"end":{"line":56,"column":null}},"40":{"start":{"line":59,"column":28},"end":{"line":63,"column":null}},"41":{"start":{"line":60,"column":25},"end":{"line":60,"column":null}},"42":{"start":{"line":61,"column":4},"end":{"line":61,"column":null}},"43":{"start":{"line":62,"column":4},"end":{"line":62,"column":null}},"44":{"start":{"line":65,"column":2},"end":{"line":67,"column":null}},"45":{"start":{"line":66,"column":4},"end":{"line":66,"column":null}},"46":{"start":{"line":69,"column":2},"end":{"line":71,"column":null}},"47":{"start":{"line":70,"column":4},"end":{"line":70,"column":null}},"48":{"start":{"line":73,"column":22},"end":{"line":73,"column":null}},"49":{"start":{"line":73,"column":52},"end":{"line":73,"column":69}},"50":{"start":{"line":74,"column":22},"end":{"line":76,"column":null}},"51":{"start":{"line":75,"column":10},"end":{"line":75,"column":null}},"52":{"start":{"line":75,"column":30},"end":{"line":75,"column":null}},"53":{"start":{"line":79,"column":2},"end":{"line":83,"column":null}}},"fnMap":{"0":{"name":"(anonymous_3)","decl":{"start":{"line":7,"column":22},"end":{"line":7,"column":23}},"loc":{"start":{"line":7,"column":23},"end":{"line":10,"column":null}}},"1":{"name":"(anonymous_4)","decl":{"start":{"line":12,"column":27},"end":{"line":12,"column":28}},"loc":{"start":{"line":12,"column":28},"end":{"line":15,"column":null}}},"2":{"name":"(anonymous_5)","decl":{"start":{"line":17,"column":26},"end":{"line":17,"column":27}},"loc":{"start":{"line":17,"column":48},"end":{"line":25,"column":null}}},"3":{"name":"(anonymous_6)","decl":{"start":{"line":27,"column":29},"end":{"line":27,"column":30}},"loc":{"start":{"line":27,"column":71},"end":{"line":34,"column":null}}},"4":{"name":"(anonymous_7)","decl":{"start":{"line":36,"column":33},"end":{"line":36,"column":34}},"loc":{"start":{"line":36,"column":89},"end":{"line":48,"column":null}}},"5":{"name":"(anonymous_8)","decl":{"start":{"line":40,"column":23},"end":{"line":40,"column":24}},"loc":{"start":{"line":40,"column":24},"end":{"line":44,"column":null}}},"6":{"name":"(anonymous_9)","decl":{"start":{"line":47,"column":9},"end":{"line":47,"column":15}},"loc":{"start":{"line":47,"column":15},"end":{"line":47,"column":null}}},"7":{"name":"useTheme","decl":{"start":{"line":58,"column":16},"end":{"line":58,"column":null}},"loc":{"start":{"line":58,"column":16},"end":{"line":84,"column":null}}},"8":{"name":"(anonymous_11)","decl":{"start":{"line":59,"column":44},"end":{"line":59,"column":null}},"loc":{"start":{"line":59,"column":44},"end":{"line":63,"column":null}}},"9":{"name":"(anonymous_12)","decl":{"start":{"line":65,"column":12},"end":{"line":65,"column":null}},"loc":{"start":{"line":65,"column":12},"end":{"line":67,"column":5}}},"10":{"name":"(anonymous_13)","decl":{"start":{"line":69,"column":12},"end":{"line":69,"column":null}},"loc":{"start":{"line":69,"column":12},"end":{"line":71,"column":5}}},"11":{"name":"(anonymous_14)","decl":{"start":{"line":73,"column":34},"end":{"line":73,"column":35}},"loc":{"start":{"line":73,"column":52},"end":{"line":73,"column":69}}},"12":{"name":"(anonymous_15)","decl":{"start":{"line":75,"column":4},"end":{"line":75,"column":10}},"loc":{"start":{"line":75,"column":10},"end":{"line":75,"column":null}}},"13":{"name":"(anonymous_16)","decl":{"start":{"line":75,"column":19},"end":{"line":75,"column":20}},"loc":{"start":{"line":75,"column":30},"end":{"line":75,"column":null}}}},"branchMap":{"0":{"loc":{"start":{"line":8,"column":2},"end":{"line":8,"column":null}},"type":"if","locations":[{"start":{"line":8,"column":2},"end":{"line":8,"column":null}}]},"1":{"loc":{"start":{"line":8,"column":32},"end":{"line":8,"column":null}},"type":"binary-expr","locations":[{"start":{"line":8,"column":32},"end":{"line":8,"column":39}},{"start":{"line":8,"column":39},"end":{"line":8,"column":null}}]},"2":{"loc":{"start":{"line":9,"column":9},"end":{"line":9,"column":null}},"type":"cond-expr","locations":[{"start":{"line":9,"column":41},"end":{"line":9,"column":53}},{"start":{"line":9,"column":53},"end":{"line":9,"column":null}}]},"3":{"loc":{"start":{"line":13,"column":2},"end":{"line":13,"column":null}},"type":"if","locations":[{"start":{"line":13,"column":2},"end":{"line":13,"column":null}}]},"4":{"loc":{"start":{"line":13,"column":32},"end":{"line":13,"column":null}},"type":"binary-expr","locations":[{"start":{"line":13,"column":32},"end":{"line":13,"column":56}},{"start":{"line":13,"column":56},"end":{"line":13,"column":null}}]},"5":{"loc":{"start":{"line":14,"column":9},"end":{"line":14,"column":74}},"type":"cond-expr","locations":[{"start":{"line":14,"column":43},"end":{"line":14,"column":50}},{"start":{"line":14,"column":50},"end":{"line":14,"column":74}}]},"6":{"loc":{"start":{"line":17,"column":27},"end":{"line":17,"column":48}},"type":"default-arg","locations":[{"start":{"line":17,"column":33},"end":{"line":17,"column":48}}]},"7":{"loc":{"start":{"line":18,"column":2},"end":{"line":18,"column":null}},"type":"if","locations":[{"start":{"line":18,"column":2},"end":{"line":18,"column":null}}]},"8":{"loc":{"start":{"line":21,"column":2},"end":{"line":21,"column":null}},"type":"if","locations":[{"start":{"line":21,"column":2},"end":{"line":21,"column":null}}]},"9":{"loc":{"start":{"line":21,"column":6},"end":{"line":21,"column":47}},"type":"binary-expr","locations":[{"start":{"line":21,"column":6},"end":{"line":21,"column":28}},{"start":{"line":21,"column":28},"end":{"line":21,"column":47}}]},"10":{"loc":{"start":{"line":24,"column":9},"end":{"line":24,"column":null}},"type":"cond-expr","locations":[{"start":{"line":24,"column":29},"end":{"line":24,"column":38}},{"start":{"line":24,"column":38},"end":{"line":24,"column":null}}]},"11":{"loc":{"start":{"line":27,"column":44},"end":{"line":27,"column":71}},"type":"default-arg","locations":[{"start":{"line":27,"column":51},"end":{"line":27,"column":71}}]},"12":{"loc":{"start":{"line":28,"column":2},"end":{"line":28,"column":null}},"type":"if","locations":[{"start":{"line":28,"column":2},"end":{"line":28,"column":null}}]},"13":{"loc":{"start":{"line":36,"column":68},"end":{"line":36,"column":89}},"type":"default-arg","locations":[{"start":{"line":36,"column":74},"end":{"line":36,"column":89}}]},"14":{"loc":{"start":{"line":37,"column":2},"end":{"line":37,"column":null}},"type":"if","locations":[{"start":{"line":37,"column":2},"end":{"line":37,"column":null}}]},"15":{"loc":{"start":{"line":42,"column":4},"end":{"line":42,"column":null}},"type":"if","locations":[{"start":{"line":42,"column":4},"end":{"line":42,"column":null}}]},"16":{"loc":{"start":{"line":42,"column":8},"end":{"line":42,"column":49}},"type":"binary-expr","locations":[{"start":{"line":42,"column":8},"end":{"line":42,"column":30}},{"start":{"line":42,"column":30},"end":{"line":42,"column":49}}]},"17":{"loc":{"start":{"line":43,"column":13},"end":{"line":43,"column":null}},"type":"cond-expr","locations":[{"start":{"line":43,"column":29},"end":{"line":43,"column":38}},{"start":{"line":43,"column":38},"end":{"line":43,"column":null}}]},"18":{"loc":{"start":{"line":75,"column":30},"end":{"line":75,"column":null}},"type":"cond-expr","locations":[{"start":{"line":75,"column":48},"end":{"line":75,"column":58}},{"start":{"line":75,"column":58},"end":{"line":75,"column":null}}]}},"s":{"0":8,"1":9,"2":1,"3":1,"4":1,"5":10,"6":1,"7":9,"8":1,"9":15,"10":1,"11":14,"12":1,"13":5,"14":1,"15":4,"16":4,"17":1,"18":3,"19":3,"20":1,"21":14,"22":1,"23":13,"24":13,"25":13,"26":13,"27":1,"28":5,"29":1,"30":4,"31":4,"32":3,"33":3,"34":1,"35":2,"36":4,"37":4,"38":4,"39":1,"40":9,"41":4,"42":4,"43":4,"44":9,"45":9,"46":9,"47":4,"48":9,"49":1,"50":9,"51":2,"52":2,"53":9},"f":{"0":10,"1":15,"2":5,"3":14,"4":5,"5":3,"6":4,"7":9,"8":4,"9":9,"10":4,"11":1,"12":2,"13":2},"b":{"0":[1],"1":[1,1],"2":[1,8],"3":[1],"4":[1,1],"5":[1,13],"6":[4],"7":[1],"8":[1],"9":[4,4],"10":[1,2],"11":[13],"12":[1],"13":[4],"14":[1],"15":[1],"16":[3,2],"17":[1,1],"18":[1,1]}}
,"C:\\Users\\motoc\\Projects\\technical-test\\y-ventures-group\\yvg-fe-assessment\\src\\hooks\\use-toast.ts": {"path":"C:\\Users\\motoc\\Projects\\technical-test\\y-ventures-group\\yvg-fe-assessment\\src\\hooks\\use-toast.ts","statementMap":{"0":{"start":{"line":135,"column":13},"end":{"line":135,"column":41}},"1":{"start":{"line":71,"column":13},"end":{"line":71,"column":23}},"2":{"start":{"line":194,"column":19},"end":{"line":194,"column":null}},"3":{"start":{"line":194,"column":9},"end":{"line":194,"column":19}},"4":{"start":{"line":1,"column":23},"end":{"line":1,"column":null}},"5":{"start":{"line":5,"column":20},"end":{"line":5,"column":null}},"6":{"start":{"line":6,"column":27},"end":{"line":6,"column":null}},"7":{"start":{"line":15,"column":20},"end":{"line":20,"column":null}},"8":{"start":{"line":22,"column":12},"end":{"line":22,"column":null}},"9":{"start":{"line":25,"column":2},"end":{"line":25,"column":null}},"10":{"start":{"line":26,"column":2},"end":{"line":26,"column":null}},"11":{"start":{"line":53,"column":22},"end":{"line":53,"column":null}},"12":{"start":{"line":55,"column":25},"end":{"line":69,"column":null}},"13":{"start":{"line":56,"column":2},"end":{"line":58,"column":null}},"14":{"start":{"line":57,"column":4},"end":{"line":57,"column":null}},"15":{"start":{"line":60,"column":18},"end":{"line":66,"column":null}},"16":{"start":{"line":61,"column":4},"end":{"line":61,"column":null}},"17":{"start":{"line":62,"column":4},"end":{"line":65,"column":null}},"18":{"start":{"line":68,"column":2},"end":{"line":68,"column":null}},"19":{"start":{"line":71,"column":23},"end":{"line":122,"column":null}},"20":{"start":{"line":72,"column":2},"end":{"line":121,"column":null}},"21":{"start":{"line":74,"column":6},"end":{"line":77,"column":null}},"22":{"start":{"line":80,"column":6},"end":{"line":83,"column":null}},"23":{"start":{"line":82,"column":41},"end":{"line":82,"column":null}},"24":{"start":{"line":86,"column":26},"end":{"line":86,"column":null}},"25":{"start":{"line":90,"column":6},"end":{"line":96,"column":null}},"26":{"start":{"line":91,"column":8},"end":{"line":91,"column":null}},"27":{"start":{"line":93,"column":8},"end":{"line":95,"column":null}},"28":{"start":{"line":94,"column":10},"end":{"line":94,"column":null}},"29":{"start":{"line":98,"column":6},"end":{"line":108,"column":null}},"30":{"start":{"line":101,"column":10},"end":{"line":106,"column":null}},"31":{"start":{"line":111,"column":6},"end":{"line":116,"column":null}},"32":{"start":{"line":112,"column":8},"end":{"line":115,"column":null}},"33":{"start":{"line":117,"column":6},"end":{"line":120,"column":null}},"34":{"start":{"line":119,"column":43},"end":{"line":119,"column":66}},"35":{"start":{"line":124,"column":49},"end":{"line":124,"column":51}},"36":{"start":{"line":126,"column":25},"end":{"line":126,"column":null}},"37":{"start":{"line":129,"column":2},"end":{"line":129,"column":null}},"38":{"start":{"line":130,"column":2},"end":{"line":132,"column":null}},"39":{"start":{"line":131,"column":4},"end":{"line":131,"column":null}},"40":{"start":{"line":135,"column":41},"end":{"line":141,"column":null}},"41":{"start":{"line":136,"column":2},"end":{"line":136,"column":null}},"42":{"start":{"line":136,"column":37},"end":{"line":136,"column":null}},"43":{"start":{"line":137,"column":2},"end":{"line":137,"column":null}},"44":{"start":{"line":138,"column":2},"end":{"line":138,"column":null}},"45":{"start":{"line":139,"column":2},"end":{"line":139,"column":null}},"46":{"start":{"line":140,"column":2},"end":{"line":140,"column":null}},"47":{"start":{"line":146,"column":13},"end":{"line":146,"column":null}},"48":{"start":{"line":148,"column":17},"end":{"line":152,"column":null}},"49":{"start":{"line":149,"column":4},"end":{"line":152,"column":null}},"50":{"start":{"line":153,"column":18},"end":{"line":153,"column":null}},"51":{"start":{"line":153,"column":24},"end":{"line":153,"column":null}},"52":{"start":{"line":155,"column":2},"end":{"line":165,"column":null}},"53":{"start":{"line":162,"column":8},"end":{"line":162,"column":null}},"54":{"start":{"line":162,"column":19},"end":{"line":162,"column":null}},"55":{"start":{"line":167,"column":2},"end":{"line":171,"column":null}},"56":{"start":{"line":175,"column":28},"end":{"line":175,"column":null}},"57":{"start":{"line":177,"column":2},"end":{"line":185,"column":null}},"58":{"start":{"line":178,"column":4},"end":{"line":178,"column":null}},"59":{"start":{"line":179,"column":4},"end":{"line":184,"column":null}},"60":{"start":{"line":180,"column":20},"end":{"line":180,"column":null}},"61":{"start":{"line":181,"column":6},"end":{"line":183,"column":null}},"62":{"start":{"line":182,"column":8},"end":{"line":182,"column":null}},"63":{"start":{"line":187,"column":2},"end":{"line":191,"column":null}},"64":{"start":{"line":190,"column":35},"end":{"line":190,"column":null}}},"fnMap":{"0":{"name":"genId","decl":{"start":{"line":24,"column":9},"end":{"line":24,"column":null}},"loc":{"start":{"line":24,"column":9},"end":{"line":27,"column":null}}},"1":{"name":"(anonymous_9)","decl":{"start":{"line":55,"column":25},"end":{"line":55,"column":26}},"loc":{"start":{"line":55,"column":26},"end":{"line":69,"column":null}}},"2":{"name":"(anonymous_10)","decl":{"start":{"line":60,"column":29},"end":{"line":60,"column":null}},"loc":{"start":{"line":60,"column":29},"end":{"line":66,"column":5}}},"3":{"name":"(anonymous_11)","decl":{"start":{"line":71,"column":23},"end":{"line":71,"column":24}},"loc":{"start":{"line":71,"column":38},"end":{"line":122,"column":null}}},"4":{"name":"(anonymous_12)","decl":{"start":{"line":82,"column":33},"end":{"line":82,"column":34}},"loc":{"start":{"line":82,"column":41},"end":{"line":82,"column":null}}},"5":{"name":"(anonymous_13)","decl":{"start":{"line":93,"column":29},"end":{"line":93,"column":30}},"loc":{"start":{"line":93,"column":30},"end":{"line":95,"column":null}}},"6":{"name":"(anonymous_14)","decl":{"start":{"line":100,"column":33},"end":{"line":100,"column":34}},"loc":{"start":{"line":101,"column":10},"end":{"line":106,"column":null}}},"7":{"name":"(anonymous_15)","decl":{"start":{"line":119,"column":36},"end":{"line":119,"column":37}},"loc":{"start":{"line":119,"column":43},"end":{"line":119,"column":66}}},"8":{"name":"dispatch","decl":{"start":{"line":128,"column":9},"end":{"line":128,"column":18}},"loc":{"start":{"line":128,"column":32},"end":{"line":133,"column":null}}},"9":{"name":"(anonymous_17)","decl":{"start":{"line":130,"column":20},"end":{"line":130,"column":21}},"loc":{"start":{"line":130,"column":21},"end":{"line":132,"column":null}}},"10":{"name":"(anonymous_18)","decl":{"start":{"line":135,"column":41},"end":{"line":135,"column":null}},"loc":{"start":{"line":135,"column":41},"end":{"line":141,"column":null}}},"11":{"name":"(anonymous_19)","decl":{"start":{"line":136,"column":24},"end":{"line":136,"column":25}},"loc":{"start":{"line":136,"column":37},"end":{"line":136,"column":null}}},"12":{"name":"toast","decl":{"start":{"line":145,"column":9},"end":{"line":145,"column":15}},"loc":{"start":{"line":145,"column":34},"end":{"line":172,"column":null}}},"13":{"name":"(anonymous_21)","decl":{"start":{"line":148,"column":17},"end":{"line":148,"column":18}},"loc":{"start":{"line":149,"column":4},"end":{"line":152,"column":null}}},"14":{"name":"(anonymous_22)","decl":{"start":{"line":153,"column":18},"end":{"line":153,"column":24}},"loc":{"start":{"line":153,"column":24},"end":{"line":153,"column":null}}},"15":{"name":"(anonymous_23)","decl":{"start":{"line":161,"column":20},"end":{"line":161,"column":21}},"loc":{"start":{"line":161,"column":21},"end":{"line":163,"column":null}}},"16":{"name":"useToast","decl":{"start":{"line":174,"column":9},"end":{"line":174,"column":null}},"loc":{"start":{"line":174,"column":9},"end":{"line":192,"column":null}}},"17":{"name":"(anonymous_25)","decl":{"start":{"line":177,"column":18},"end":{"line":177,"column":null}},"loc":{"start":{"line":177,"column":18},"end":{"line":185,"column":5}}},"18":{"name":"(anonymous_26)","decl":{"start":{"line":179,"column":11},"end":{"line":179,"column":null}},"loc":{"start":{"line":179,"column":11},"end":{"line":184,"column":null}}},"19":{"name":"(anonymous_27)","decl":{"start":{"line":190,"column":13},"end":{"line":190,"column":14}},"loc":{"start":{"line":190,"column":35},"end":{"line":190,"column":null}}}},"branchMap":{"0":{"loc":{"start":{"line":56,"column":2},"end":{"line":58,"column":null}},"type":"if","locations":[{"start":{"line":56,"column":2},"end":{"line":58,"column":null}}]},"1":{"loc":{"start":{"line":72,"column":2},"end":{"line":121,"column":null}},"type":"switch","locations":[{"start":{"line":73,"column":4},"end":{"line":77,"column":null}},{"start":{"line":79,"column":4},"end":{"line":83,"column":null}},{"start":{"line":85,"column":4},"end":{"line":109,"column":null}},{"start":{"line":110,"column":4},"end":{"line":120,"column":null}}]},"2":{"loc":{"start":{"line":82,"column":41},"end":{"line":82,"column":null}},"type":"cond-expr","locations":[{"start":{"line":82,"column":68},"end":{"line":82,"column":96}},{"start":{"line":82,"column":96},"end":{"line":82,"column":null}}]},"3":{"loc":{"start":{"line":90,"column":6},"end":{"line":96,"column":null}},"type":"if","locations":[{"start":{"line":90,"column":6},"end":{"line":96,"column":null}},{"start":{"line":92,"column":13},"end":{"line":96,"column":null}}]},"4":{"loc":{"start":{"line":101,"column":10},"end":{"line":106,"column":null}},"type":"cond-expr","locations":[{"start":{"line":102,"column":14},"end":{"line":105,"column":null}},{"start":{"line":106,"column":14},"end":{"line":106,"column":null}}]},"5":{"loc":{"start":{"line":101,"column":10},"end":{"line":101,"column":null}},"type":"binary-expr","locations":[{"start":{"line":101,"column":10},"end":{"line":101,"column":30}},{"start":{"line":101,"column":30},"end":{"line":101,"column":null}}]},"6":{"loc":{"start":{"line":111,"column":6},"end":{"line":116,"column":null}},"type":"if","locations":[{"start":{"line":111,"column":6},"end":{"line":116,"column":null}}]},"7":{"loc":{"start":{"line":162,"column":8},"end":{"line":162,"column":null}},"type":"if","locations":[{"start":{"line":162,"column":8},"end":{"line":162,"column":null}}]},"8":{"loc":{"start":{"line":181,"column":6},"end":{"line":183,"column":null}},"type":"if","locations":[{"start":{"line":181,"column":6},"end":{"line":183,"column":null}}]}},"s":{"0":7,"1":3,"2":5,"3":18,"4":1,"5":1,"6":1,"7":1,"8":1,"9":5,"10":5,"11":1,"12":1,"13":6,"14":2,"15":4,"16":3,"17":3,"18":4,"19":1,"20":17,"21":5,"22":2,"23":3,"24":6,"25":6,"26":5,"27":1,"28":1,"29":6,"30":7,"31":4,"32":1,"33":3,"34":2,"35":1,"36":1,"37":14,"38":14,"39":13,"40":1,"41":7,"42":1,"43":7,"44":7,"45":7,"46":7,"47":5,"48":5,"49":1,"50":5,"51":2,"52":5,"53":1,"54":1,"55":5,"56":18,"57":18,"58":18,"59":18,"60":18,"61":18,"62":17,"63":18,"64":3},"f":{"0":5,"1":6,"2":3,"3":17,"4":3,"5":1,"6":7,"7":2,"8":14,"9":13,"10":7,"11":1,"12":5,"13":1,"14":2,"15":1,"16":18,"17":18,"18":18,"19":3},"b":{"0":[2],"1":[5,2,6,4],"2":[2,1],"3":[5,1],"4":[6,1],"5":[7,2],"6":[1],"7":[1],"8":[17]}}
,"C:\\Users\\motoc\\Projects\\technical-test\\y-ventures-group\\yvg-fe-assessment\\src\\locales\\en.ts": {"path":"C:\\Users\\motoc\\Projects\\technical-test\\y-ventures-group\\yvg-fe-assessment\\src\\locales\\en.ts","statementMap":{"0":{"start":{"line":111,"column":0},"end":{"line":111,"column":15}},"1":{"start":{"line":3,"column":13},"end":{"line":3,"column":18}},"2":{"start":{"line":3,"column":18},"end":{"line":109,"column":null}},"3":{"start":{"line":111,"column":15},"end":{"line":111,"column":null}}},"fnMap":{},"branchMap":{},"s":{"0":0,"1":1,"2":1,"3":1},"f":{},"b":{}}
,"C:\\Users\\motoc\\Projects\\technical-test\\y-ventures-group\\yvg-fe-assessment\\src\\locales\\id.ts": {"path":"C:\\Users\\motoc\\Projects\\technical-test\\y-ventures-group\\yvg-fe-assessment\\src\\locales\\id.ts","statementMap":{"0":{"start":{"line":111,"column":0},"end":{"line":111,"column":15}},"1":{"start":{"line":3,"column":13},"end":{"line":3,"column":18}},"2":{"start":{"line":3,"column":18},"end":{"line":109,"column":null}},"3":{"start":{"line":111,"column":15},"end":{"line":111,"column":null}}},"fnMap":{},"branchMap":{},"s":{"0":0,"1":1,"2":1,"3":1},"f":{},"b":{}}
,"C:\\Users\\motoc\\Projects\\technical-test\\y-ventures-group\\yvg-fe-assessment\\src\\locales\\index.ts": {"path":"C:\\Users\\motoc\\Projects\\technical-test\\y-ventures-group\\yvg-fe-assessment\\src\\locales\\index.ts","statementMap":{"0":{"start":{"line":5,"column":13},"end":{"line":5,"column":23}},"1":{"start":{"line":1,"column":19},"end":{"line":1,"column":null}},"2":{"start":{"line":2,"column":19},"end":{"line":2,"column":null}},"3":{"start":{"line":5,"column":23},"end":{"line":8,"column":null}}},"fnMap":{},"branchMap":{},"s":{"0":18,"1":1,"2":1,"3":1},"f":{},"b":{}}
,"C:\\Users\\motoc\\Projects\\technical-test\\y-ventures-group\\yvg-fe-assessment\\src\\modules\\post\\api\\index.ts": {"path":"C:\\Users\\motoc\\Projects\\technical-test\\y-ventures-group\\yvg-fe-assessment\\src\\modules\\post\\api\\index.ts","statementMap":{"0":{"start":{"line":1,"column":14},"end":{"line":1,"column":null}},"1":{"start":{"line":2,"column":14},"end":{"line":2,"column":null}}},"fnMap":{},"branchMap":{},"s":{"0":1,"1":1},"f":{},"b":{}}
,"C:\\Users\\motoc\\Projects\\technical-test\\y-ventures-group\\yvg-fe-assessment\\src\\modules\\post\\api\\keys.ts": {"path":"C:\\Users\\motoc\\Projects\\technical-test\\y-ventures-group\\yvg-fe-assessment\\src\\modules\\post\\api\\keys.ts","statementMap":{"0":{"start":{"line":1,"column":13},"end":{"line":1,"column":25}},"1":{"start":{"line":1,"column":25},"end":{"line":5,"column":null}},"2":{"start":{"line":3,"column":26},"end":{"line":3,"column":null}},"3":{"start":{"line":4,"column":28},"end":{"line":4,"column":null}}},"fnMap":{"0":{"name":"(anonymous_1)","decl":{"start":{"line":3,"column":10},"end":{"line":3,"column":11}},"loc":{"start":{"line":3,"column":26},"end":{"line":3,"column":null}}},"1":{"name":"(anonymous_2)","decl":{"start":{"line":4,"column":12},"end":{"line":4,"column":13}},"loc":{"start":{"line":4,"column":28},"end":{"line":4,"column":null}}}},"branchMap":{},"s":{"0":7,"1":2,"2":1,"3":1},"f":{"0":1,"1":1},"b":{}}
,"C:\\Users\\motoc\\Projects\\technical-test\\y-ventures-group\\yvg-fe-assessment\\src\\modules\\post\\api\\service.ts": {"path":"C:\\Users\\motoc\\Projects\\technical-test\\y-ventures-group\\yvg-fe-assessment\\src\\modules\\post\\api\\service.ts","statementMap":{"0":{"start":{"line":38,"column":13},"end":{"line":38,"column":37}},"1":{"start":{"line":33,"column":13},"end":{"line":33,"column":29}},"2":{"start":{"line":28,"column":13},"end":{"line":28,"column":26}},"3":{"start":{"line":3,"column":39},"end":{"line":3,"column":null}},"4":{"start":{"line":5,"column":89},"end":{"line":5,"column":null}},"5":{"start":{"line":7,"column":17},"end":{"line":7,"column":39}},"6":{"start":{"line":9,"column":22},"end":{"line":26,"column":null}},"7":{"start":{"line":14,"column":2},"end":{"line":16,"column":null}},"8":{"start":{"line":15,"column":4},"end":{"line":15,"column":null}},"9":{"start":{"line":18,"column":15},"end":{"line":18,"column":null}},"10":{"start":{"line":19,"column":17},"end":{"line":19,"column":null}},"11":{"start":{"line":21,"column":2},"end":{"line":23,"column":null}},"12":{"start":{"line":22,"column":4},"end":{"line":22,"column":null}},"13":{"start":{"line":25,"column":2},"end":{"line":25,"column":null}},"14":{"start":{"line":28,"column":26},"end":{"line":31,"column":null}},"15":{"start":{"line":29,"column":19},"end":{"line":29,"column":null}},"16":{"start":{"line":30,"column":2},"end":{"line":30,"column":null}},"17":{"start":{"line":33,"column":29},"end":{"line":36,"column":null}},"18":{"start":{"line":34,"column":19},"end":{"line":34,"column":null}},"19":{"start":{"line":35,"column":2},"end":{"line":35,"column":null}},"20":{"start":{"line":38,"column":37},"end":{"line":41,"column":null}},"21":{"start":{"line":39,"column":19},"end":{"line":39,"column":null}},"22":{"start":{"line":40,"column":2},"end":{"line":40,"column":null}}},"fnMap":{"0":{"name":"(anonymous_4)","decl":{"start":{"line":9,"column":22},"end":{"line":9,"column":null}},"loc":{"start":{"line":12,"column":2},"end":{"line":26,"column":null}}},"1":{"name":"(anonymous_5)","decl":{"start":{"line":28,"column":26},"end":{"line":28,"column":null}},"loc":{"start":{"line":28,"column":26},"end":{"line":31,"column":null}}},"2":{"name":"(anonymous_6)","decl":{"start":{"line":33,"column":29},"end":{"line":33,"column":36}},"loc":{"start":{"line":33,"column":36},"end":{"line":36,"column":null}}},"3":{"name":"(anonymous_7)","decl":{"start":{"line":38,"column":37},"end":{"line":38,"column":44}},"loc":{"start":{"line":38,"column":44},"end":{"line":41,"column":null}}}},"branchMap":{"0":{"loc":{"start":{"line":14,"column":2},"end":{"line":16,"column":null}},"type":"if","locations":[{"start":{"line":14,"column":2},"end":{"line":16,"column":null}}]},"1":{"loc":{"start":{"line":21,"column":2},"end":{"line":23,"column":null}},"type":"if","locations":[{"start":{"line":21,"column":2},"end":{"line":23,"column":null}}]}},"s":{"0":1,"1":1,"2":5,"3":2,"4":2,"5":2,"6":2,"7":3,"8":1,"9":2,"10":2,"11":2,"12":1,"13":1,"14":2,"15":1,"16":1,"17":2,"18":1,"19":1,"20":2,"21":1,"22":1},"f":{"0":3,"1":1,"2":1,"3":1},"b":{"0":[1],"1":[1]}}
,"C:\\Users\\motoc\\Projects\\technical-test\\y-ventures-group\\yvg-fe-assessment\\src\\modules\\post\\components\\comments-list.tsx": {"path":"C:\\Users\\motoc\\Projects\\technical-test\\y-ventures-group\\yvg-fe-assessment\\src\\modules\\post\\components\\comments-list.tsx","statementMap":{"0":{"start":{"line":40,"column":13},"end":{"line":40,"column":41}},"1":{"start":{"line":11,"column":13},"end":{"line":11,"column":28}},"2":{"start":{"line":1,"column":36},"end":{"line":1,"column":null}},"3":{"start":{"line":14,"column":6},"end":{"line":15,"column":null}}},"fnMap":{"0":{"name":"(anonymous_4)","decl":{"start":{"line":13,"column":18},"end":{"line":13,"column":19}},"loc":{"start":{"line":14,"column":6},"end":{"line":15,"column":null}}}},"branchMap":{},"s":{"0":1,"1":1,"2":1,"3":2},"f":{"0":2},"b":{}}
,"C:\\Users\\motoc\\Projects\\technical-test\\y-ventures-group\\yvg-fe-assessment\\src\\modules\\post\\components\\comments-skeleton.tsx": {"path":"C:\\Users\\motoc\\Projects\\technical-test\\y-ventures-group\\yvg-fe-assessment\\src\\modules\\post\\components\\comments-skeleton.tsx","statementMap":{"0":{"start":{"line":5,"column":13},"end":{"line":5,"column":32}},"1":{"start":{"line":34,"column":0},"end":{"line":34,"column":15}},"2":{"start":{"line":8,"column":6},"end":{"line":9,"column":null}},"3":{"start":{"line":34,"column":15},"end":{"line":34,"column":null}}},"fnMap":{"0":{"name":"(anonymous_4)","decl":{"start":{"line":7,"column":35},"end":{"line":7,"column":36}},"loc":{"start":{"line":8,"column":6},"end":{"line":9,"column":null}}}},"branchMap":{},"s":{"0":1,"1":2,"2":2,"3":1},"f":{"0":2},"b":{}}
,"C:\\Users\\motoc\\Projects\\technical-test\\y-ventures-group\\yvg-fe-assessment\\src\\modules\\post\\components\\post-card.tsx": {"path":"C:\\Users\\motoc\\Projects\\technical-test\\y-ventures-group\\yvg-fe-assessment\\src\\modules\\post\\components\\post-card.tsx","statementMap":{"0":{"start":{"line":12,"column":13},"end":{"line":12,"column":24}},"1":{"start":{"line":1,"column":19},"end":{"line":1,"column":null}}},"fnMap":{},"branchMap":{},"s":{"0":3,"1":2},"f":{},"b":{}}
,"C:\\Users\\motoc\\Projects\\technical-test\\y-ventures-group\\yvg-fe-assessment\\src\\modules\\post\\components\\post-detail-skeleton.tsx": {"path":"C:\\Users\\motoc\\Projects\\technical-test\\y-ventures-group\\yvg-fe-assessment\\src\\modules\\post\\components\\post-detail-skeleton.tsx","statementMap":{"0":{"start":{"line":5,"column":13},"end":{"line":5,"column":34}},"1":{"start":{"line":61,"column":0},"end":{"line":61,"column":15}},"2":{"start":{"line":31,"column":12},"end":{"line":32,"column":null}},"3":{"start":{"line":61,"column":15},"end":{"line":61,"column":null}}},"fnMap":{"0":{"name":"(anonymous_4)","decl":{"start":{"line":30,"column":41},"end":{"line":30,"column":42}},"loc":{"start":{"line":31,"column":12},"end":{"line":32,"column":null}}}},"branchMap":{},"s":{"0":1,"1":2,"2":2,"3":1},"f":{"0":2},"b":{}}
,"C:\\Users\\motoc\\Projects\\technical-test\\y-ventures-group\\yvg-fe-assessment\\src\\modules\\post\\components\\post-list.tsx": {"path":"C:\\Users\\motoc\\Projects\\technical-test\\y-ventures-group\\yvg-fe-assessment\\src\\modules\\post\\components\\post-list.tsx","statementMap":{"0":{"start":{"line":10,"column":13},"end":{"line":10,"column":24}},"1":{"start":{"line":2,"column":25},"end":{"line":2,"column":null}},"2":{"start":{"line":13,"column":6},"end":{"line":14,"column":null}},"3":{"start":{"line":17,"column":24},"end":{"line":17,"column":null}}},"fnMap":{"0":{"name":"(anonymous_2)","decl":{"start":{"line":12,"column":15},"end":{"line":12,"column":16}},"loc":{"start":{"line":13,"column":6},"end":{"line":14,"column":null}}},"1":{"name":"(anonymous_3)","decl":{"start":{"line":17,"column":18},"end":{"line":17,"column":24}},"loc":{"start":{"line":17,"column":24},"end":{"line":17,"column":null}}}},"branchMap":{},"s":{"0":1,"1":1,"2":2,"3":1},"f":{"0":2,"1":1},"b":{}}
,"C:\\Users\\motoc\\Projects\\technical-test\\y-ventures-group\\yvg-fe-assessment\\src\\modules\\post\\components\\post-search.tsx": {"path":"C:\\Users\\motoc\\Projects\\technical-test\\y-ventures-group\\yvg-fe-assessment\\src\\modules\\post\\components\\post-search.tsx","statementMap":{"0":{"start":{"line":17,"column":13},"end":{"line":17,"column":26}},"1":{"start":{"line":1,"column":35},"end":{"line":1,"column":null}},"2":{"start":{"line":2,"column":22},"end":{"line":2,"column":null}},"3":{"start":{"line":4,"column":23},"end":{"line":4,"column":null}},"4":{"start":{"line":5,"column":22},"end":{"line":5,"column":null}},"5":{"start":{"line":17,"column":26},"end":{"line":67,"column":null}},"6":{"start":{"line":26,"column":24},"end":{"line":26,"column":null}},"7":{"start":{"line":42,"column":29},"end":{"line":42,"column":null}},"8":{"start":{"line":43,"column":30},"end":{"line":43,"column":null}}},"fnMap":{"0":{"name":"(anonymous_1)","decl":{"start":{"line":17,"column":26},"end":{"line":17,"column":27}},"loc":{"start":{"line":25,"column":18},"end":{"line":67,"column":null}}},"1":{"name":"(anonymous_2)","decl":{"start":{"line":42,"column":22},"end":{"line":42,"column":23}},"loc":{"start":{"line":42,"column":29},"end":{"line":42,"column":null}}},"2":{"name":"(anonymous_3)","decl":{"start":{"line":43,"column":23},"end":{"line":43,"column":24}},"loc":{"start":{"line":43,"column":30},"end":{"line":43,"column":null}}}},"branchMap":{"0":{"loc":{"start":{"line":43,"column":30},"end":{"line":43,"column":null}},"type":"binary-expr","locations":[{"start":{"line":43,"column":30},"end":{"line":43,"column":51}},{"start":{"line":43,"column":51},"end":{"line":43,"column":null}}]}},"s":{"0":1,"1":1,"2":1,"3":1,"4":1,"5":1,"6":1,"7":1,"8":1},"f":{"0":1,"1":1,"2":1},"b":{"0":[1,1]}}
,"C:\\Users\\motoc\\Projects\\technical-test\\y-ventures-group\\yvg-fe-assessment\\src\\modules\\post\\components\\posts-skeleton.tsx": {"path":"C:\\Users\\motoc\\Projects\\technical-test\\y-ventures-group\\yvg-fe-assessment\\src\\modules\\post\\components\\posts-skeleton.tsx","statementMap":{"0":{"start":{"line":7,"column":13},"end":{"line":7,"column":29}},"1":{"start":{"line":50,"column":0},"end":{"line":50,"column":15}},"2":{"start":{"line":1,"column":29},"end":{"line":1,"column":null}},"3":{"start":{"line":27,"column":8},"end":{"line":28,"column":null}},"4":{"start":{"line":50,"column":15},"end":{"line":50,"column":null}}},"fnMap":{"0":{"name":"(anonymous_4)","decl":{"start":{"line":26,"column":37},"end":{"line":26,"column":38}},"loc":{"start":{"line":27,"column":8},"end":{"line":28,"column":null}}}},"branchMap":{},"s":{"0":1,"1":2,"2":1,"3":6,"4":1},"f":{"0":6},"b":{}}
,"C:\\Users\\motoc\\Projects\\technical-test\\y-ventures-group\\yvg-fe-assessment\\src\\modules\\post\\hooks\\use-post-detail-vm.ts": {"path":"C:\\Users\\motoc\\Projects\\technical-test\\y-ventures-group\\yvg-fe-assessment\\src\\modules\\post\\hooks\\use-post-detail-vm.ts","statementMap":{"0":{"start":{"line":8,"column":13},"end":{"line":8,"column":31}},"1":{"start":{"line":1,"column":25},"end":{"line":1,"column":null}},"2":{"start":{"line":2,"column":26},"end":{"line":2,"column":null}},"3":{"start":{"line":3,"column":58},"end":{"line":3,"column":null}},"4":{"start":{"line":5,"column":64},"end":{"line":5,"column":null}},"5":{"start":{"line":8,"column":31},"end":{"line":65,"column":null}},"6":{"start":{"line":9,"column":17},"end":{"line":9,"column":null}},"7":{"start":{"line":10,"column":19},"end":{"line":10,"column":null}},"8":{"start":{"line":11,"column":25},"end":{"line":11,"column":null}},"9":{"start":{"line":12,"column":20},"end":{"line":12,"column":null}},"10":{"start":{"line":13,"column":20},"end":{"line":13,"column":null}},"11":{"start":{"line":15,"column":2},"end":{"line":20,"column":null}},"12":{"start":{"line":16,"column":4},"end":{"line":16,"column":null}},"13":{"start":{"line":16,"column":34},"end":{"line":16,"column":null}},"14":{"start":{"line":17,"column":4},"end":{"line":19,"column":null}},"15":{"start":{"line":18,"column":6},"end":{"line":18,"column":null}},"16":{"start":{"line":22,"column":20},"end":{"line":28,"column":null}},"17":{"start":{"line":24,"column":19},"end":{"line":24,"column":null}},"18":{"start":{"line":30,"column":24},"end":{"line":36,"column":null}},"19":{"start":{"line":32,"column":19},"end":{"line":32,"column":null}},"20":{"start":{"line":38,"column":21},"end":{"line":44,"column":null}},"21":{"start":{"line":39,"column":4},"end":{"line":43,"column":null}},"22":{"start":{"line":40,"column":6},"end":{"line":40,"column":null}},"23":{"start":{"line":42,"column":6},"end":{"line":42,"column":null}},"24":{"start":{"line":46,"column":22},"end":{"line":50,"column":null}},"25":{"start":{"line":47,"column":4},"end":{"line":47,"column":null}},"26":{"start":{"line":47,"column":19},"end":{"line":47,"column":null}},"27":{"start":{"line":48,"column":4},"end":{"line":48,"column":null}},"28":{"start":{"line":49,"column":4},"end":{"line":49,"column":null}},"29":{"start":{"line":53,"column":4},"end":{"line":54,"column":57}},"30":{"start":{"line":56,"column":2},"end":{"line":64,"column":null}}},"fnMap":{"0":{"name":"(anonymous_1)","decl":{"start":{"line":8,"column":31},"end":{"line":8,"column":null}},"loc":{"start":{"line":8,"column":31},"end":{"line":65,"column":null}}},"1":{"name":"(anonymous_2)","decl":{"start":{"line":15,"column":12},"end":{"line":15,"column":null}},"loc":{"start":{"line":15,"column":12},"end":{"line":20,"column":5}}},"2":{"name":"(anonymous_3)","decl":{"start":{"line":24,"column":13},"end":{"line":24,"column":19}},"loc":{"start":{"line":24,"column":19},"end":{"line":24,"column":null}}},"3":{"name":"(anonymous_4)","decl":{"start":{"line":32,"column":13},"end":{"line":32,"column":19}},"loc":{"start":{"line":32,"column":19},"end":{"line":32,"column":null}}},"4":{"name":"(anonymous_5)","decl":{"start":{"line":38,"column":21},"end":{"line":38,"column":null}},"loc":{"start":{"line":38,"column":21},"end":{"line":44,"column":null}}},"5":{"name":"(anonymous_6)","decl":{"start":{"line":46,"column":22},"end":{"line":46,"column":null}},"loc":{"start":{"line":46,"column":22},"end":{"line":50,"column":null}}}},"branchMap":{"0":{"loc":{"start":{"line":13,"column":20},"end":{"line":13,"column":null}},"type":"binary-expr","locations":[{"start":{"line":13,"column":20},"end":{"line":13,"column":47}},{"start":{"line":13,"column":47},"end":{"line":13,"column":null}}]},"1":{"loc":{"start":{"line":16,"column":4},"end":{"line":16,"column":null}},"type":"if","locations":[{"start":{"line":16,"column":4},"end":{"line":16,"column":null}}]},"2":{"loc":{"start":{"line":17,"column":4},"end":{"line":19,"column":null}},"type":"if","locations":[{"start":{"line":17,"column":4},"end":{"line":19,"column":null}}]},"3":{"loc":{"start":{"line":39,"column":4},"end":{"line":43,"column":null}},"type":"if","locations":[{"start":{"line":39,"column":4},"end":{"line":43,"column":null}},{"start":{"line":41,"column":11},"end":{"line":43,"column":null}}]},"4":{"loc":{"start":{"line":39,"column":8},"end":{"line":39,"column":68}},"type":"binary-expr","locations":[{"start":{"line":39,"column":8},"end":{"line":39,"column":41}},{"start":{"line":39,"column":41},"end":{"line":39,"column":68}}]},"5":{"loc":{"start":{"line":47,"column":4},"end":{"line":47,"column":null}},"type":"if","locations":[{"start":{"line":47,"column":4},"end":{"line":47,"column":null}}]},"6":{"loc":{"start":{"line":53,"column":4},"end":{"line":54,"column":57}},"type":"binary-expr","locations":[{"start":{"line":53,"column":4},"end":{"line":53,"column":25}},{"start":{"line":53,"column":29},"end":{"line":53,"column":49}},{"start":{"line":54,"column":5},"end":{"line":54,"column":29}},{"start":{"line":54,"column":33},"end":{"line":54,"column":57}}]}},"s":{"0":2,"1":1,"2":1,"3":1,"4":1,"5":1,"6":2,"7":2,"8":2,"9":2,"10":2,"11":2,"12":2,"13":1,"14":1,"15":1,"16":2,"17":1,"18":2,"19":1,"20":2,"21":2,"22":1,"23":1,"24":2,"25":2,"26":1,"27":1,"28":1,"29":2,"30":2},"f":{"0":2,"1":2,"2":1,"3":1,"4":2,"5":2},"b":{"0":[2,1],"1":[1],"2":[1],"3":[1,1],"4":[2,2],"5":[1],"6":[2,1,1,1]}}
,"C:\\Users\\motoc\\Projects\\technical-test\\y-ventures-group\\yvg-fe-assessment\\src\\modules\\post\\hooks\\use-posts-page-vm.ts": {"path":"C:\\Users\\motoc\\Projects\\technical-test\\y-ventures-group\\yvg-fe-assessment\\src\\modules\\post\\hooks\\use-posts-page-vm.ts","statementMap":{"0":{"start":{"line":12,"column":13},"end":{"line":12,"column":30}},"1":{"start":{"line":1,"column":25},"end":{"line":1,"column":null}},"2":{"start":{"line":2,"column":58},"end":{"line":2,"column":null}},"3":{"start":{"line":3,"column":51},"end":{"line":3,"column":null}},"4":{"start":{"line":5,"column":38},"end":{"line":5,"column":null}},"5":{"start":{"line":8,"column":20},"end":{"line":8,"column":null}},"6":{"start":{"line":9,"column":20},"end":{"line":9,"column":null}},"7":{"start":{"line":10,"column":28},"end":{"line":10,"column":null}},"8":{"start":{"line":12,"column":30},"end":{"line":70,"column":null}},"9":{"start":{"line":13,"column":42},"end":{"line":13,"column":null}},"10":{"start":{"line":14,"column":25},"end":{"line":14,"column":null}},"11":{"start":{"line":15,"column":23},"end":{"line":15,"column":null}},"12":{"start":{"line":16,"column":44},"end":{"line":16,"column":null}},"13":{"start":{"line":17,"column":38},"end":{"line":17,"column":null}},"14":{"start":{"line":19,"column":16},"end":{"line":24,"column":null}},"15":{"start":{"line":26,"column":2},"end":{"line":30,"column":null}},"16":{"start":{"line":27,"column":14},"end":{"line":27,"column":null}},"17":{"start":{"line":28,"column":4},"end":{"line":28,"column":null}},"18":{"start":{"line":29,"column":4},"end":{"line":29,"column":null}},"19":{"start":{"line":32,"column":2},"end":{"line":37,"column":null}},"20":{"start":{"line":33,"column":4},"end":{"line":33,"column":null}},"21":{"start":{"line":33,"column":34},"end":{"line":33,"column":null}},"22":{"start":{"line":34,"column":4},"end":{"line":36,"column":null}},"23":{"start":{"line":35,"column":6},"end":{"line":35,"column":null}},"24":{"start":{"line":39,"column":23},"end":{"line":43,"column":null}},"25":{"start":{"line":40,"column":20},"end":{"line":40,"column":null}},"26":{"start":{"line":41,"column":4},"end":{"line":41,"column":null}},"27":{"start":{"line":42,"column":4},"end":{"line":42,"column":null}},"28":{"start":{"line":45,"column":24},"end":{"line":50,"column":null}},"29":{"start":{"line":47,"column":6},"end":{"line":49,"column":27}},"30":{"start":{"line":48,"column":43},"end":{"line":48,"column":null}},"31":{"start":{"line":53,"column":23},"end":{"line":53,"column":null}},"32":{"start":{"line":53,"column":37},"end":{"line":53,"column":82}},"33":{"start":{"line":55,"column":2},"end":{"line":69,"column":null}}},"fnMap":{"0":{"name":"(anonymous_1)","decl":{"start":{"line":12,"column":30},"end":{"line":12,"column":null}},"loc":{"start":{"line":12,"column":30},"end":{"line":70,"column":null}}},"1":{"name":"(anonymous_2)","decl":{"start":{"line":26,"column":12},"end":{"line":26,"column":null}},"loc":{"start":{"line":26,"column":12},"end":{"line":30,"column":5}}},"2":{"name":"(anonymous_3)","decl":{"start":{"line":32,"column":12},"end":{"line":32,"column":null}},"loc":{"start":{"line":32,"column":12},"end":{"line":37,"column":5}}},"3":{"name":"(anonymous_4)","decl":{"start":{"line":39,"column":35},"end":{"line":39,"column":null}},"loc":{"start":{"line":39,"column":35},"end":{"line":43,"column":5}}},"4":{"name":"(anonymous_5)","decl":{"start":{"line":46,"column":4},"end":{"line":46,"column":null}},"loc":{"start":{"line":47,"column":6},"end":{"line":49,"column":27}}},"5":{"name":"(anonymous_6)","decl":{"start":{"line":48,"column":36},"end":{"line":48,"column":37}},"loc":{"start":{"line":48,"column":43},"end":{"line":48,"column":null}}},"6":{"name":"(anonymous_7)","decl":{"start":{"line":53,"column":31},"end":{"line":53,"column":37}},"loc":{"start":{"line":53,"column":37},"end":{"line":53,"column":82}}}},"branchMap":{"0":{"loc":{"start":{"line":15,"column":23},"end":{"line":15,"column":null}},"type":"binary-expr","locations":[{"start":{"line":15,"column":23},"end":{"line":15,"column":48}},{"start":{"line":15,"column":48},"end":{"line":15,"column":null}}]},"1":{"loc":{"start":{"line":27,"column":14},"end":{"line":27,"column":null}},"type":"binary-expr","locations":[{"start":{"line":27,"column":14},"end":{"line":27,"column":39}},{"start":{"line":27,"column":39},"end":{"line":27,"column":null}}]},"2":{"loc":{"start":{"line":33,"column":4},"end":{"line":33,"column":null}},"type":"if","locations":[{"start":{"line":33,"column":4},"end":{"line":33,"column":null}}]},"3":{"loc":{"start":{"line":34,"column":4},"end":{"line":36,"column":null}},"type":"if","locations":[{"start":{"line":34,"column":4},"end":{"line":36,"column":null}}]},"4":{"loc":{"start":{"line":42,"column":20},"end":{"line":42,"column":null}},"type":"cond-expr","locations":[{"start":{"line":42,"column":30},"end":{"line":42,"column":47}},{"start":{"line":42,"column":47},"end":{"line":42,"column":null}}]},"5":{"loc":{"start":{"line":47,"column":6},"end":{"line":49,"column":27}},"type":"cond-expr","locations":[{"start":{"line":48,"column":10},"end":{"line":48,"column":null}},{"start":{"line":49,"column":11},"end":{"line":49,"column":27}}]},"6":{"loc":{"start":{"line":48,"column":11},"end":{"line":48,"column":26}},"type":"binary-expr","locations":[{"start":{"line":48,"column":11},"end":{"line":48,"column":21}},{"start":{"line":48,"column":25},"end":{"line":48,"column":26}}]},"7":{"loc":{"start":{"line":49,"column":11},"end":{"line":49,"column":27}},"type":"binary-expr","locations":[{"start":{"line":49,"column":11},"end":{"line":49,"column":21}},{"start":{"line":49,"column":25},"end":{"line":49,"column":27}}]},"8":{"loc":{"start":{"line":60,"column":11},"end":{"line":60,"column":27}},"type":"binary-expr","locations":[{"start":{"line":60,"column":11},"end":{"line":60,"column":21}},{"start":{"line":60,"column":25},"end":{"line":60,"column":27}}]}},"s":{"0":4,"1":1,"2":1,"3":1,"4":1,"5":1,"6":1,"7":1,"8":1,"9":4,"10":4,"11":4,"12":4,"13":4,"14":4,"15":4,"16":2,"17":2,"18":2,"19":4,"20":2,"21":1,"22":1,"23":1,"24":4,"25":1,"26":1,"27":1,"28":4,"29":3,"30":50,"31":4,"32":3,"33":4},"f":{"0":4,"1":2,"2":2,"3":1,"4":3,"5":50,"6":3},"b":{"0":[4,0],"1":[2,0],"2":[1],"3":[1],"4":[1,0],"5":[2,1],"6":[2,0],"7":[1,0],"8":[4,0]}}
[...]
,"C:\\Users\\motoc\\Projects\\technical-test\\y-ventures-group\\yvg-fe-assessment\\src\\modules\\todo\\model\\helpers.ts": {"path":"C:\\Users\\motoc\\Projects\\technical-test\\y-ventures-group\\yvg-fe-assessment\\src\\modules\\todo\\model\\helpers.ts","statementMap":{"0":{"start":{"line":9,"column":13},"end":{"line":9,"column":32}},"1":{"start":{"line":3,"column":13},"end":{"line":3,"column":27}},"2":{"start":{"line":3,"column":27},"end":{"line":7,"column":null}},"3":{"start":{"line":4,"column":2},"end":{"line":4,"column":null}},"4":{"start":{"line":4,"column":30},"end":{"line":4,"column":null}},"5":{"start":{"line":4,"column":60},"end":{"line":4,"column":74}},"6":{"start":{"line":5,"column":2},"end":{"line":5,"column":null}},"7":{"start":{"line":5,"column":28},"end":{"line":5,"column":null}},"8":{"start":{"line":5,"column":58},"end":{"line":5,"column":73}},"9":{"start":{"line":6,"column":2},"end":{"line":6,"column":null}},"10":{"start":{"line":9,"column":32},"end":{"line":20,"column":null}},"11":{"start":{"line":10,"column":20},"end":{"line":10,"column":59}},"12":{"start":{"line":10,"column":40},"end":{"line":10,"column":51}},"13":{"start":{"line":11,"column":16},"end":{"line":11,"column":28}},"14":{"start":{"line":12,"column":18},"end":{"line":12,"column":null}},"15":{"start":{"line":14,"column":2},"end":{"line":19,"column":null}}},"fnMap":{"0":{"name":"(anonymous_3)","decl":{"start":{"line":3,"column":27},"end":{"line":3,"column":28}},"loc":{"start":{"line":3,"column":43},"end":{"line":7,"column":null}}},"1":{"name":"(anonymous_4)","decl":{"start":{"line":4,"column":50},"end":{"line":4,"column":51}},"loc":{"start":{"line":4,"column":60},"end":{"line":4,"column":74}}},"2":{"name":"(anonymous_5)","decl":{"start":{"line":5,"column":48},"end":{"line":5,"column":49}},"loc":{"start":{"line":5,"column":58},"end":{"line":5,"column":73}}},"3":{"name":"(anonymous_6)","decl":{"start":{"line":9,"column":32},"end":{"line":9,"column":33}},"loc":{"start":{"line":9,"column":33},"end":{"line":20,"column":null}}},"4":{"name":"(anonymous_7)","decl":{"start":{"line":10,"column":33},"end":{"line":10,"column":34}},"loc":{"start":{"line":10,"column":40},"end":{"line":10,"column":51}}}},"branchMap":{"0":{"loc":{"start":{"line":4,"column":2},"end":{"line":4,"column":null}},"type":"if","locations":[{"start":{"line":4,"column":2},"end":{"line":4,"column":null}}]},"1":{"loc":{"start":{"line":5,"column":2},"end":{"line":5,"column":null}},"type":"if","locations":[{"start":{"line":5,"column":2},"end":{"line":5,"column":null}}]},"2":{"loc":{"start":{"line":18,"column":21},"end":{"line":18,"column":null}},"type":"cond-expr","locations":[{"start":{"line":18,"column":33},"end":{"line":18,"column":61}},{"start":{"line":18,"column":61},"end":{"line":18,"column":null}}]}},"s":{"0":4,"1":5,"2":2,"3":5,"4":2,"5":5,"6":3,"7":1,"8":3,"9":2,"10":2,"11":4,"12":7,"13":4,"14":4,"15":4},"f":{"0":5,"1":5,"2":3,"3":4,"4":7},"b":{"0":[2],"1":[1],"2":[3,1]}}
,"C:\\Users\\motoc\\Projects\\technical-test\\y-ventures-group\\yvg-fe-assessment\\src\\modules\\todo\\model\\index.ts": {"path":"C:\\Users\\motoc\\Projects\\technical-test\\y-ventures-group\\yvg-fe-assessment\\src\\modules\\todo\\model\\index.ts","statementMap":{"0":{"start":{"line":1,"column":14},"end":{"line":1,"column":null}},"1":{"start":{"line":2,"column":14},"end":{"line":2,"column":null}}},"fnMap":{},"branchMap":{},"s":{"0":1,"1":1},"f":{},"b":{}}
,"C:\\Users\\motoc\\Projects\\technical-test\\y-ventures-group\\yvg-fe-assessment\\src\\modules\\todo\\pages\\todos-page.tsx": {"path":"C:\\Users\\motoc\\Projects\\technical-test\\y-ventures-group\\yvg-fe-assessment\\src\\modules\\todo\\pages\\todos-page.tsx","statementMap":{"0":{"start":{"line":119,"column":0},"end":{"line":119,"column":15}},"1":{"start":{"line":1,"column":25},"end":{"line":1,"column":null}},"2":{"start":{"line":2,"column":36},"end":{"line":2,"column":null}},"3":{"start":{"line":3,"column":34},"end":{"line":3,"column":null}},"4":{"start":{"line":5,"column":24},"end":{"line":5,"column":null}},"5":{"start":{"line":6,"column":51},"end":{"line":6,"column":null}},"6":{"start":{"line":7,"column":31},"end":{"line":7,"column":null}},"7":{"start":{"line":9,"column":18},"end":{"line":117,"column":null}},"8":{"start":{"line":10,"column":16},"end":{"line":10,"column":null}},"9":{"start":{"line":11,"column":25},"end":{"line":11,"column":null}},"10":{"start":{"line":12,"column":32},"end":{"line":12,"column":null}},"11":{"start":{"line":13,"column":82},"end":{"line":13,"column":null}},"12":{"start":{"line":14,"column":29},"end":{"line":14,"column":null}},"13":{"start":{"line":16,"column":2},"end":{"line":21,"column":null}},"14":{"start":{"line":17,"column":4},"end":{"line":17,"column":null}},"15":{"start":{"line":17,"column":34},"end":{"line":17,"column":null}},"16":{"start":{"line":18,"column":4},"end":{"line":20,"column":null}},"17":{"start":{"line":19,"column":6},"end":{"line":19,"column":null}},"18":{"start":{"line":23,"column":24},"end":{"line":26,"column":null}},"19":{"start":{"line":24,"column":4},"end":{"line":24,"column":null}},"20":{"start":{"line":25,"column":4},"end":{"line":25,"column":null}},"21":{"start":{"line":28,"column":24},"end":{"line":32,"column":null}},"22":{"start":{"line":80,"column":47},"end":{"line":80,"column":null}},"23":{"start":{"line":104,"column":39},"end":{"line":104,"column":null}},"24":{"start":{"line":105,"column":41},"end":{"line":105,"column":null}},"25":{"start":{"line":106,"column":33},"end":{"line":106,"column":null}},"26":{"start":{"line":119,"column":15},"end":{"line":119,"column":null}}},"fnMap":{"0":{"name":"(anonymous_1)","decl":{"start":{"line":9,"column":18},"end":{"line":9,"column":null}},"loc":{"start":{"line":9,"column":18},"end":{"line":117,"column":null}}},"1":{"name":"(anonymous_2)","decl":{"start":{"line":16,"column":12},"end":{"line":16,"column":null}},"loc":{"start":{"line":16,"column":12},"end":{"line":21,"column":5}}},"2":{"name":"(anonymous_3)","decl":{"start":{"line":23,"column":24},"end":{"line":23,"column":25}},"loc":{"start":{"line":23,"column":25},"end":{"line":26,"column":null}}},"3":{"name":"(anonymous_4)","decl":{"start":{"line":80,"column":37},"end":{"line":80,"column":38}},"loc":{"start":{"line":80,"column":47},"end":{"line":80,"column":null}}},"4":{"name":"(anonymous_5)","decl":{"start":{"line":104,"column":29},"end":{"line":104,"column":30}},"loc":{"start":{"line":104,"column":39},"end":{"line":104,"column":null}}},"5":{"name":"(anonymous_6)","decl":{"start":{"line":105,"column":31},"end":{"line":105,"column":32}},"loc":{"start":{"line":105,"column":41},"end":{"line":105,"column":null}}},"6":{"name":"(anonymous_7)","decl":{"start":{"line":106,"column":23},"end":{"line":106,"column":24}},"loc":{"start":{"line":106,"column":33},"end":{"line":106,"column":null}}}},"branchMap":{"0":{"loc":{"start":{"line":17,"column":4},"end":{"line":17,"column":null}},"type":"if","locations":[{"start":{"line":17,"column":4},"end":{"line":17,"column":null}}]},"1":{"loc":{"start":{"line":18,"column":4},"end":{"line":20,"column":null}},"type":"if","locations":[{"start":{"line":18,"column":4},"end":{"line":20,"column":null}}]},"2":{"loc":{"start":{"line":41,"column":11},"end":{"line":43,"column":null}},"type":"cond-expr","locations":[{"start":{"line":42,"column":14},"end":{"line":42,"column":null}},{"start":{"line":43,"column":14},"end":{"line":43,"column":null}}]},"3":{"loc":{"start":{"line":46,"column":9},"end":{"line":46,"column":null}},"type":"binary-expr","locations":[{"start":{"line":46,"column":9},"end":{"line":46,"column":null}}]},"4":{"loc":{"start":{"line":77,"column":7},"end":{"line":77,"column":null}},"type":"binary-expr","locations":[{"start":{"line":77,"column":7},"end":{"line":77,"column":null}}]},"5":{"loc":{"start":{"line":99,"column":22},"end":{"line":99,"column":null}},"type":"cond-expr","locations":[{"start":{"line":99,"column":43},"end":{"line":99,"column":67}},{"start":{"line":99,"column":67},"end":{"line":99,"column":null}}]},"6":{"loc":{"start":{"line":110,"column":7},"end":{"line":110,"column":null}},"type":"binary-expr","locations":[{"start":{"line":110,"column":7},"end":{"line":110,"column":null}}]}},"s":{"0":2,"1":1,"2":1,"3":1,"4":1,"5":1,"6":1,"7":1,"8":4,"9":4,"10":4,"11":4,"12":4,"13":4,"14":2,"15":1,"16":1,"17":1,"18":4,"19":1,"20":1,"21":4,"22":3,"23":4,"24":4,"25":4,"26":1},"f":{"0":4,"1":2,"2":1,"3":3,"4":4,"5":4,"6":4},"b":{"0":[1],"1":[1],"2":[1,3],"3":[4],"4":[4],"5":[3,1],"6":[4]}}
,"C:\\Users\\motoc\\Projects\\technical-test\\y-ventures-group\\yvg-fe-assessment\\src\\modules\\todo\\services\\index.ts": {"path":"C:\\Users\\motoc\\Projects\\technical-test\\y-ventures-group\\yvg-fe-assessment\\src\\modules\\todo\\services\\index.ts","statementMap":{"0":{"start":{"line":1,"column":14},"end":{"line":1,"column":null}}},"fnMap":{},"branchMap":{},"s":{"0":2},"f":{},"b":{}}
,"C:\\Users\\motoc\\Projects\\technical-test\\y-ventures-group\\yvg-fe-assessment\\src\\modules\\todo\\services\\todos-storage.ts": {"path":"C:\\Users\\motoc\\Projects\\technical-test\\y-ventures-group\\yvg-fe-assessment\\src\\modules\\todo\\services\\todos-storage.ts","statementMap":{"0":{"start":{"line":5,"column":13},"end":{"line":5,"column":36}},"1":{"start":{"line":15,"column":13},"end":{"line":15,"column":37}},"2":{"start":{"line":3,"column":20},"end":{"line":3,"column":null}},"3":{"start":{"line":5,"column":36},"end":{"line":13,"column":null}},"4":{"start":{"line":6,"column":2},"end":{"line":6,"column":null}},"5":{"start":{"line":6,"column":37},"end":{"line":6,"column":null}},"6":{"start":{"line":7,"column":2},"end":{"line":12,"column":null}},"7":{"start":{"line":8,"column":19},"end":{"line":8,"column":null}},"8":{"start":{"line":9,"column":4},"end":{"line":9,"column":null}},"9":{"start":{"line":11,"column":4},"end":{"line":11,"column":null}},"10":{"start":{"line":15,"column":37},"end":{"line":22,"column":null}},"11":{"start":{"line":16,"column":2},"end":{"line":16,"column":null}},"12":{"start":{"line":16,"column":37},"end":{"line":16,"column":null}},"13":{"start":{"line":17,"column":2},"end":{"line":21,"column":null}},"14":{"start":{"line":18,"column":4},"end":{"line":18,"column":null}}},"fnMap":{"0":{"name":"(anonymous_3)","decl":{"start":{"line":5,"column":36},"end":{"line":5,"column":null}},"loc":{"start":{"line":5,"column":36},"end":{"line":13,"column":null}}},"1":{"name":"(anonymous_4)","decl":{"start":{"line":15,"column":37},"end":{"line":15,"column":38}},"loc":{"start":{"line":15,"column":38},"end":{"line":22,"column":null}}}},"branchMap":{"0":{"loc":{"start":{"line":6,"column":2},"end":{"line":6,"column":null}},"type":"if","locations":[{"start":{"line":6,"column":2},"end":{"line":6,"column":null}}]},"1":{"loc":{"start":{"line":9,"column":11},"end":{"line":9,"column":55}},"type":"cond-expr","locations":[{"start":{"line":9,"column":21},"end":{"line":9,"column":53}},{"start":{"line":9,"column":53},"end":{"line":9,"column":55}}]},"2":{"loc":{"start":{"line":16,"column":2},"end":{"line":16,"column":null}},"type":"if","locations":[{"start":{"line":16,"column":2},"end":{"line":16,"column":null}}]}},"s":{"0":5,"1":3,"2":3,"3":3,"4":5,"5":1,"6":4,"7":4,"8":4,"9":1,"10":3,"11":3,"12":1,"13":2,"14":2},"f":{"0":5,"1":3},"b":{"0":[1],"1":[2,2],"2":[1]}}
,"C:\\Users\\motoc\\Projects\\technical-test\\y-ventures-group\\yvg-fe-assessment\\src\\modules\\todo\\store\\index.ts": {"path":"C:\\Users\\motoc\\Projects\\technical-test\\y-ventures-group\\yvg-fe-assessment\\src\\modules\\todo\\store\\index.ts","statementMap":{"0":{"start":{"line":1,"column":20},"end":{"line":1,"column":40}},"1":{"start":{"line":1,"column":40},"end":{"line":1,"column":null}}},"fnMap":{},"branchMap":{},"s":{"0":0,"1":1},"f":{},"b":{}}
,"C:\\Users\\motoc\\Projects\\technical-test\\y-ventures-group\\yvg-fe-assessment\\src\\modules\\todo\\store\\todos-slice.ts": {"path":"C:\\Users\\motoc\\Projects\\technical-test\\y-ventures-group\\yvg-fe-assessment\\src\\modules\\todo\\store\\todos-slice.ts","statementMap":{"0":{"start":{"line":47,"column":15},"end":{"line":47,"column":22}},"1":{"start":{"line":48,"column":0},"end":{"line":48,"column":15}},"2":{"start":{"line":47,"column":36},"end":{"line":47,"column":46}},"3":{"start":{"line":47,"column":59},"end":{"line":47,"column":71}},"4":{"start":{"line":47,"column":48},"end":{"line":47,"column":57}},"5":{"start":{"line":47,"column":24},"end":{"line":47,"column":34}},"6":{"start":{"line":1,"column":43},"end":{"line":1,"column":null}},"7":{"start":{"line":4,"column":37},"end":{"line":4,"column":null}},"8":{"start":{"line":6,"column":33},"end":{"line":9,"column":null}},"9":{"start":{"line":11,"column":23},"end":{"line":14,"column":null}},"10":{"start":{"line":12,"column":2},"end":{"line":14,"column":null}},"11":{"start":{"line":16,"column":19},"end":{"line":45,"column":null}},"12":{"start":{"line":21,"column":28},"end":{"line":26,"column":null}},"13":{"start":{"line":27,"column":6},"end":{"line":27,"column":null}},"14":{"start":{"line":30,"column":19},"end":{"line":30,"column":null}},"15":{"start":{"line":30,"column":43},"end":{"line":30,"column":66}},"16":{"start":{"line":31,"column":6},"end":{"line":33,"column":null}},"17":{"start":{"line":32,"column":8},"end":{"line":32,"column":null}},"18":{"start":{"line":36,"column":6},"end":{"line":36,"column":null}},"19":{"start":{"line":36,"column":46},"end":{"line":36,"column":69}},"20":{"start":{"line":39,"column":6},"end":{"line":39,"column":null}},"21":{"start":{"line":42,"column":6},"end":{"line":42,"column":null}},"22":{"start":{"line":47,"column":76},"end":{"line":47,"column":94}},"23":{"start":{"line":48,"column":15},"end":{"line":48,"column":33}}},"fnMap":{"0":{"name":"(anonymous_7)","decl":{"start":{"line":11,"column":23},"end":{"line":11,"column":null}},"loc":{"start":{"line":12,"column":2},"end":{"line":14,"column":null}}},"1":{"name":"(anonymous_8)","decl":{"start":{"line":20,"column":13},"end":{"line":20,"column":14}},"loc":{"start":{"line":20,"column":21},"end":{"line":28,"column":null}}},"2":{"name":"(anonymous_9)","decl":{"start":{"line":29,"column":16},"end":{"line":29,"column":17}},"loc":{"start":{"line":29,"column":24},"end":{"line":34,"column":null}}},"3":{"name":"(anonymous_10)","decl":{"start":{"line":30,"column":36},"end":{"line":30,"column":37}},"loc":{"start":{"line":30,"column":43},"end":{"line":30,"column":66}}},"4":{"name":"(anonymous_11)","decl":{"start":{"line":35,"column":16},"end":{"line":35,"column":17}},"loc":{"start":{"line":35,"column":24},"end":{"line":37,"column":null}}},"5":{"name":"(anonymous_12)","decl":{"start":{"line":36,"column":39},"end":{"line":36,"column":40}},"loc":{"start":{"line":36,"column":46},"end":{"line":36,"column":69}}},"6":{"name":"(anonymous_13)","decl":{"start":{"line":38,"column":15},"end":{"line":38,"column":16}},"loc":{"start":{"line":38,"column":23},"end":{"line":40,"column":null}}},"7":{"name":"(anonymous_14)","decl":{"start":{"line":41,"column":18},"end":{"line":41,"column":19}},"loc":{"start":{"line":41,"column":26},"end":{"line":43,"column":null}}}},"branchMap":{"0":{"loc":{"start":{"line":12,"column":2},"end":{"line":14,"column":null}},"type":"cond-expr","locations":[{"start":{"line":13,"column":6},"end":{"line":13,"column":null}},{"start":{"line":14,"column":6},"end":{"line":14,"column":null}}]},"1":{"loc":{"start":{"line":12,"column":2},"end":{"line":12,"column":null}},"type":"binary-expr","locations":[{"start":{"line":12,"column":2},"end":{"line":12,"column":35}},{"start":{"line":12,"column":35},"end":{"line":12,"column":null}}]},"2":{"loc":{"start":{"line":31,"column":6},"end":{"line":33,"column":null}},"type":"if","locations":[{"start":{"line":31,"column":6},"end":{"line":33,"column":null}}]}},"s":{"0":3,"1":7,"2":3,"3":1,"4":3,"5":4,"6":3,"7":3,"8":3,"9":3,"10":1,"11":3,"12":1,"13":1,"14":2,"15":3,"16":2,"17":1,"18":1,"19":2,"20":1,"21":1,"22":3,"23":3},"f":{"0":1,"1":1,"2":2,"3":3,"4":1,"5":2,"6":1,"7":1},"b":{"0":[0,1],"1":[1,1],"2":[1]}}
,"C:\\Users\\motoc\\Projects\\technical-test\\y-ventures-group\\yvg-fe-assessment\\src\\shared\\config\\api.ts": {"path":"C:\\Users\\motoc\\Projects\\technical-test\\y-ventures-group\\yvg-fe-assessment\\src\\shared\\config\\api.ts","statementMap":{"0":{"start":{"line":20,"column":13},"end":{"line":20,"column":38}},"1":{"start":{"line":17,"column":13},"end":{"line":17,"column":45}},"2":{"start":{"line":1,"column":42},"end":{"line":1,"column":null}},"3":{"start":{"line":3,"column":22},"end":{"line":15,"column":null}},"4":{"start":{"line":4,"column":2},"end":{"line":6,"column":null}},"5":{"start":{"line":5,"column":4},"end":{"line":5,"column":null}},"6":{"start":{"line":8,"column":20},"end":{"line":12,"column":27}},"7":{"start":{"line":14,"column":2},"end":{"line":14,"column":null}},"8":{"start":{"line":17,"column":45},"end":{"line":18,"column":null}},"9":{"start":{"line":18,"column":2},"end":{"line":18,"column":null}},"10":{"start":{"line":20,"column":38},"end":{"line":20,"column":null}}},"fnMap":{"0":{"name":"(anonymous_3)","decl":{"start":{"line":3,"column":22},"end":{"line":3,"column":null}},"loc":{"start":{"line":3,"column":22},"end":{"line":15,"column":null}}},"1":{"name":"(anonymous_4)","decl":{"start":{"line":17,"column":45},"end":{"line":17,"column":46}},"loc":{"start":{"line":18,"column":2},"end":{"line":18,"column":null}}}},"branchMap":{"0":{"loc":{"start":{"line":4,"column":2},"end":{"line":6,"column":null}},"type":"if","locations":[{"start":{"line":4,"column":2},"end":{"line":6,"column":null}}]},"1":{"loc":{"start":{"line":4,"column":6},"end":{"line":4,"column":85}},"type":"binary-expr","locations":[{"start":{"line":4,"column":6},"end":{"line":4,"column":40}},{"start":{"line":4,"column":40},"end":{"line":4,"column":85}}]},"2":{"loc":{"start":{"line":18,"column":2},"end":{"line":18,"column":null}},"type":"binary-expr","locations":[{"start":{"line":18,"column":2},"end":{"line":18,"column":41}},{"start":{"line":18,"column":41},"end":{"line":18,"column":60}},{"start":{"line":18,"column":60},"end":{"line":18,"column":null}}]}},"s":{"0":4,"1":5,"2":5,"3":5,"4":9,"5":2,"6":7,"7":7,"8":5,"9":10,"10":5},"f":{"0":9,"1":10},"b":{"0":[2],"1":[9,9],"2":[10,9,5]}}
,"C:\\Users\\motoc\\Projects\\technical-test\\y-ventures-group\\yvg-fe-assessment\\src\\utils\\cn.ts": {"path":"C:\\Users\\motoc\\Projects\\technical-test\\y-ventures-group\\yvg-fe-assessment\\src\\utils\\cn.ts","statementMap":{"0":{"start":{"line":4,"column":16},"end":{"line":4,"column":19}},"1":{"start":{"line":1,"column":38},"end":{"line":1,"column":null}},"2":{"start":{"line":2,"column":24},"end":{"line":2,"column":null}},"3":{"start":{"line":5,"column":2},"end":{"line":5,"column":null}}},"fnMap":{"0":{"name":"cn","decl":{"start":{"line":4,"column":16},"end":{"line":4,"column":19}},"loc":{"start":{"line":4,"column":42},"end":{"line":6,"column":null}}}},"branchMap":{},"s":{"0":121,"1":15,"2":15,"3":121},"f":{"0":121},"b":{}}
}
