TN:
SF:src\components\empty-state.tsx
FNF:0
FNH:0
DA:1,4
DA:11,9
LF:2
LH:2
BRDA:15,0,0,8
BRDA:15,0,1,1
BRDA:23,1,0,9
BRDA:27,2,0,9
BRF:4
BRH:4
end_of_record
TN:
SF:src\components\error-state.tsx
FN:12,(anonymous_1)
FNF:1
FNH:1
FNDA:9,(anonymous_1)
DA:1,3
DA:3,3
DA:5,3
DA:12,9
DA:13,9
LF:5
LH:5
BRDA:32,0,0,9
BRF:1
BRH:1
end_of_record
TN:
SF:src\components\language-toggle.tsx
FN:4,(anonymous_1)
FNF:1
FNH:1
FNDA:2,(anonymous_1)
DA:1,1
DA:2,1
DA:4,2
DA:5,2
DA:6,2
DA:8,2
DA:9,2
LF:7
LH:7
BRDA:6,0,0,1
BRDA:6,0,1,1
BRDA:8,1,0,1
BRDA:8,1,1,1
BRDA:9,2,0,1
BRDA:9,2,1,1
BRF:6
BRH:6
end_of_record
TN:
SF:src\components\layout.tsx
FN:15,(anonymous_4)
FN:20,(anonymous_5)
FN:37,(anonymous_6)
FN:41,(anonymous_7)
FN:46,(anonymous_8)
FN:50,(anonymous_9)
FN:56,(anonymous_10)
FN:100,(anonymous_11)
FN:138,(anonymous_12)
FN:161,(anonymous_13)
FN:165,(anonymous_14)
FNF:11
FNH:11
FNDA:6,(anonymous_4)
FNDA:5,(anonymous_5)
FNDA:12,(anonymous_6)
FNDA:4,(anonymous_7)
FNDA:4,(anonymous_8)
FNDA:3,(anonymous_9)
FNDA:3,(anonymous_10)
FNDA:24,(anonymous_11)
FNDA:3,(anonymous_12)
FNDA:4,(anonymous_13)
FNDA:1,(anonymous_14)
DA:1,1
DA:2,1
DA:3,1
DA:5,1
DA:6,1
DA:7,1
DA:8,1
DA:9,1
DA:15,2
DA:16,6
DA:17,5
DA:20,5
DA:22,1
DA:37,4
DA:38,12
DA:39,12
DA:40,12
DA:41,12
DA:42,4
DA:44,12
DA:46,12
DA:47,4
DA:48,4
DA:50,3
DA:51,3
DA:53,3
DA:54,3
DA:56,3
DA:59,12
DA:101,24
DA:138,3
DA:162,4
DA:165,1
LF:33
LH:33
BRDA:16,0,0,1
BRDA:17,1,0,3
BRDA:17,1,1,2
BRDA:20,2,0,1
BRDA:20,2,1,4
BRDA:48,3,0,1
BRDA:48,4,0,4
BRDA:48,4,1,4
BRDA:106,5,0,12
BRDA:106,5,1,12
BRDA:110,6,0,12
BRDA:110,6,1,12
BRDA:115,7,0,24
BRDA:134,8,0,2
BRDA:134,8,1,10
BRDA:141,9,0,2
BRDA:141,9,1,10
BRDA:144,10,0,2
BRDA:153,11,0,12
BRDA:168,12,0,2
BRDA:168,12,1,2
BRDA:172,13,0,2
BRDA:172,13,1,2
BRDA:181,14,0,2
BRDA:181,14,1,2
BRF:25
BRH:25
end_of_record
TN:
SF:src\components\loading-state.tsx
FN:9,(anonymous_1)
FNF:1
FNH:1
FNDA:3,(anonymous_1)
DA:1,2
DA:3,2
DA:9,3
DA:10,3
DA:11,3
LF:5
LH:5
BRDA:11,0,0,3
BRDA:11,0,1,1
BRF:2
BRH:2
end_of_record
TN:
SF:src\components\nav-link.tsx
FN:13,(anonymous_1)
FN:18,(anonymous_2)
FNF:2
FNH:2
FNDA:2,(anonymous_1)
FNDA:2,(anonymous_2)
DA:1,1
DA:2,1
DA:4,1
DA:12,1
DA:19,2
DA:27,1
DA:29,2
LF:7
LH:7
BRDA:19,0,0,2
BRDA:19,0,1,2
BRDA:19,1,0,2
BRDA:19,1,1,2
BRF:4
BRH:4
end_of_record
TN:
SF:src\components\theme-toggle.tsx
FN:8,(anonymous_1)
FNF:1
FNH:1
FNDA:2,(anonymous_1)
DA:1,1
DA:3,1
DA:4,1
DA:5,1
DA:6,1
DA:8,2
DA:9,2
DA:10,2
DA:11,2
DA:12,2
DA:13,2
LF:11
LH:11
BRDA:12,0,0,1
BRDA:12,0,1,1
BRDA:13,1,0,1
BRDA:13,1,1,1
BRDA:29,2,0,1
BRDA:29,2,1,1
BRDA:36,3,0,1
BRDA:36,3,1,1
BRF:8
BRH:8
end_of_record
TN:
SF:src\components\core\button.tsx
FN:39,(anonymous_6)
FNF:1
FNH:1
FNDA:41,(anonymous_6)
DA:1,11
DA:2,11
DA:3,11
DA:5,11
DA:7,11
DA:38,11
DA:40,41
DA:46,11
DA:48,41
LF:9
LH:9
BRDA:39,0,0,41
BRDA:40,1,0,0
BRDA:40,1,1,41
BRF:3
BRH:2
end_of_record
TN:
SF:src\components\core\input.tsx
FN:6,(anonymous_4)
FNF:1
FNH:1
FNDA:4,(anonymous_4)
DA:1,2
DA:3,2
DA:5,2
DA:20,2
DA:22,4
LF:5
LH:5
BRF:0
BRH:0
end_of_record
TN:
SF:src\contexts\locale-context.tsx
FN:24,(anonymous_4)
FN:36,(anonymous_5)
FN:37,(anonymous_6)
FN:44,(anonymous_7)
FN:46,(anonymous_8)
FN:58,(anonymous_9)
FN:61,(anonymous_10)
FN:68,(anonymous_11)
FN:69,(anonymous_12)
FN:82,(anonymous_13)
FN:83,(anonymous_14)
FN:83,(anonymous_15)
FN:86,(anonymous_16)
FN:98,(anonymous_17)
FNF:14
FNH:14
FNDA:9,(anonymous_4)
FNDA:8,(anonymous_5)
FNDA:19,(anonymous_6)
FNDA:6,(anonymous_7)
FNDA:5,(anonymous_8)
FNDA:12,(anonymous_9)
FNDA:12,(anonymous_10)
FNDA:12,(anonymous_11)
FNDA:7,(anonymous_12)
FNDA:2,(anonymous_13)
FNDA:2,(anonymous_14)
FNDA:2,(anonymous_15)
FNDA:12,(anonymous_16)
FNDA:16,(anonymous_17)
DA:1,1
DA:3,1
DA:19,1
DA:21,1
DA:22,1
DA:24,1
DA:25,9
DA:27,8
DA:28,8
DA:30,7
DA:31,7
DA:33,6
DA:36,1
DA:37,8
DA:38,19
DA:39,13
DA:41,6
DA:44,1
DA:45,6
DA:47,5
DA:53,1
DA:58,8
DA:59,12
DA:61,12
DA:62,12
DA:63,12
DA:64,12
DA:68,12
DA:69,12
DA:70,7
DA:71,7
DA:72,7
DA:74,7
DA:75,6
DA:78,1
DA:82,12
DA:83,12
DA:85,12
DA:86,12
DA:98,16
DA:99,16
DA:100,16
DA:101,4
DA:103,12
LF:44
LH:44
BRDA:25,0,0,1
BRDA:28,1,0,1
BRDA:28,2,0,8
BRDA:28,2,1,8
BRDA:31,3,0,1
BRDA:38,4,0,13
BRDA:38,5,0,19
BRDA:38,5,1,15
BRDA:38,5,2,15
BRDA:45,6,0,5
BRDA:45,6,1,1
BRDA:47,7,0,4
BRDA:47,7,1,1
BRDA:47,8,0,5
BRDA:47,8,1,5
BRDA:47,8,2,5
BRDA:62,9,0,12
BRDA:70,10,0,7
BRDA:70,10,1,1
BRDA:72,11,0,7
BRDA:72,11,1,1
BRDA:74,12,0,6
BRDA:83,13,0,1
BRDA:83,13,1,1
BRDA:100,14,0,4
BRF:25
BRH:25
end_of_record
TN:
SF:src\hooks\use-mobile.tsx
FN:5,useIsMobile
FN:8,(anonymous_5)
FN:10,(anonymous_6)
FN:15,(anonymous_7)
FNF:4
FNH:4
FNDA:6,useIsMobile
FNDA:2,(anonymous_5)
FNDA:2,(anonymous_6)
FNDA:2,(anonymous_7)
DA:1,1
DA:3,1
DA:5,6
DA:6,6
DA:8,6
DA:9,2
DA:10,2
DA:11,2
DA:13,2
DA:14,2
DA:15,2
DA:18,6
LF:12
LH:12
BRF:0
BRH:0
end_of_record
TN:
SF:src\hooks\use-theme.ts
FN:7,(anonymous_3)
FN:12,(anonymous_4)
FN:17,(anonymous_5)
FN:27,(anonymous_6)
FN:36,(anonymous_7)
FN:40,(anonymous_8)
FN:47,(anonymous_9)
FN:58,useTheme
FN:59,(anonymous_11)
FN:65,(anonymous_12)
FN:69,(anonymous_13)
FN:73,(anonymous_14)
FN:75,(anonymous_15)
FN:75,(anonymous_16)
FNF:14
FNH:14
FNDA:10,(anonymous_3)
FNDA:15,(anonymous_4)
FNDA:5,(anonymous_5)
FNDA:14,(anonymous_6)
FNDA:5,(anonymous_7)
FNDA:3,(anonymous_8)
FNDA:4,(anonymous_9)
FNDA:9,useTheme
FNDA:4,(anonymous_11)
FNDA:9,(anonymous_12)
FNDA:4,(anonymous_13)
FNDA:1,(anonymous_14)
FNDA:2,(anonymous_15)
FNDA:2,(anonymous_16)
DA:1,1
DA:5,1
DA:7,1
DA:8,10
DA:9,9
DA:12,1
DA:13,15
DA:14,14
DA:17,1
DA:18,5
DA:20,4
DA:21,4
DA:23,3
DA:24,3
DA:27,1
DA:28,14
DA:30,13
DA:31,13
DA:32,13
DA:33,13
DA:36,1
DA:37,5
DA:39,4
DA:40,4
DA:41,3
DA:42,3
DA:43,2
DA:46,4
DA:47,4
DA:50,8
DA:58,9
DA:59,9
DA:60,4
DA:61,4
DA:62,4
DA:65,9
DA:66,9
DA:69,9
DA:70,4
DA:73,9
DA:74,9
DA:75,2
DA:79,9
LF:43
LH:43
BRDA:8,0,0,1
BRDA:8,1,0,1
BRDA:8,1,1,1
BRDA:9,2,0,1
BRDA:9,2,1,8
BRDA:13,3,0,1
BRDA:13,4,0,1
BRDA:13,4,1,1
BRDA:14,5,0,1
BRDA:14,5,1,13
BRDA:17,6,0,4
BRDA:18,7,0,1
BRDA:21,8,0,1
BRDA:21,9,0,4
BRDA:21,9,1,4
BRDA:24,10,0,1
BRDA:24,10,1,2
BRDA:27,11,0,13
BRDA:28,12,0,1
BRDA:36,13,0,4
BRDA:37,14,0,1
BRDA:42,15,0,1
BRDA:42,16,0,3
BRDA:42,16,1,2
BRDA:43,17,0,1
BRDA:43,17,1,1
BRDA:75,18,0,1
BRDA:75,18,1,1
BRF:28
BRH:28
end_of_record
TN:
SF:src\hooks\use-toast.ts
FN:24,genId
FN:55,(anonymous_9)
FN:60,(anonymous_10)
FN:71,(anonymous_11)
FN:82,(anonymous_12)
FN:93,(anonymous_13)
FN:100,(anonymous_14)
FN:119,(anonymous_15)
FN:128,dispatch
FN:130,(anonymous_17)
FN:135,(anonymous_18)
FN:136,(anonymous_19)
FN:145,toast
FN:148,(anonymous_21)
FN:153,(anonymous_22)
FN:161,(anonymous_23)
FN:174,useToast
FN:177,(anonymous_25)
FN:179,(anonymous_26)
FN:190,(anonymous_27)
FNF:20
FNH:20
FNDA:5,genId
FNDA:6,(anonymous_9)
FNDA:3,(anonymous_10)
FNDA:17,(anonymous_11)
FNDA:3,(anonymous_12)
FNDA:1,(anonymous_13)
FNDA:7,(anonymous_14)
FNDA:2,(anonymous_15)
FNDA:14,dispatch
FNDA:13,(anonymous_17)
FNDA:7,(anonymous_18)
FNDA:1,(anonymous_19)
FNDA:5,toast
FNDA:1,(anonymous_21)
FNDA:2,(anonymous_22)
FNDA:1,(anonymous_23)
FNDA:18,useToast
FNDA:18,(anonymous_25)
FNDA:18,(anonymous_26)
FNDA:3,(anonymous_27)
DA:1,1
DA:5,1
DA:6,1
DA:15,1
DA:22,1
DA:25,5
DA:26,5
DA:53,1
DA:55,1
DA:56,6
DA:57,2
DA:60,4
DA:61,3
DA:62,3
DA:68,4
DA:71,3
DA:72,17
DA:74,5
DA:80,2
DA:82,3
DA:86,6
DA:90,6
DA:91,5
DA:93,1
DA:94,1
DA:98,6
DA:101,7
DA:111,4
DA:112,1
DA:117,3
DA:119,2
DA:124,1
DA:126,1
DA:129,14
DA:130,14
DA:131,13
DA:135,7
DA:136,7
DA:137,7
DA:138,7
DA:139,7
DA:140,7
DA:146,5
DA:148,5
DA:149,1
DA:153,5
DA:155,5
DA:162,1
DA:167,5
DA:175,18
DA:177,18
DA:178,18
DA:179,18
DA:180,18
DA:181,18
DA:182,17
DA:187,18
DA:190,3
DA:194,18
LF:59
LH:59
BRDA:56,0,0,2
BRDA:72,1,0,5
BRDA:72,1,1,2
BRDA:72,1,2,6
BRDA:72,1,3,4
BRDA:82,2,0,2
BRDA:82,2,1,1
BRDA:90,3,0,5
BRDA:90,3,1,1
BRDA:101,4,0,6
BRDA:101,4,1,1
BRDA:101,5,0,7
BRDA:101,5,1,2
BRDA:111,6,0,1
BRDA:162,7,0,1
BRDA:181,8,0,17
BRF:16
BRH:16
end_of_record
TN:
SF:src\locales\en.ts
FNF:0
FNH:0
DA:3,1
DA:111,1
LF:2
LH:2
BRF:0
BRH:0
end_of_record
TN:
SF:src\locales\id.ts
FNF:0
FNH:0
DA:3,1
DA:111,1
LF:2
LH:2
BRF:0
BRH:0
end_of_record
TN:
SF:src\locales\index.ts
FNF:0
FNH:0
DA:1,1
DA:2,1
DA:5,18
LF:3
LH:3
BRF:0
BRH:0
end_of_record
TN:
SF:src\modules\post\api\index.ts
FNF:0
FNH:0
DA:1,1
DA:2,1
LF:2
LH:2
BRF:0
BRH:0
end_of_record
TN:
SF:src\modules\post\api\keys.ts
FN:3,(anonymous_1)
FN:4,(anonymous_2)
FNF:2
FNH:2
FNDA:1,(anonymous_1)
FNDA:1,(anonymous_2)
DA:1,7
DA:3,1
DA:4,1
LF:3
LH:3
BRF:0
BRH:0
end_of_record
TN:
SF:src\modules\post\api\service.ts
FN:9,(anonymous_4)
FN:28,(anonymous_5)
FN:33,(anonymous_6)
FN:38,(anonymous_7)
FNF:4
FNH:4
FNDA:3,(anonymous_4)
FNDA:1,(anonymous_5)
FNDA:1,(anonymous_6)
FNDA:1,(anonymous_7)
DA:3,2
DA:5,2
DA:7,2
DA:9,2
DA:14,3
DA:15,1
DA:18,2
DA:19,2
DA:21,2
DA:22,1
DA:25,1
DA:28,5
DA:29,1
DA:30,1
DA:33,2
DA:34,1
DA:35,1
DA:38,2
DA:39,1
DA:40,1
LF:20
LH:20
BRDA:14,0,0,1
BRDA:21,1,0,1
BRF:2
BRH:2
end_of_record
TN:
SF:src\modules\post\components\comments-list.tsx
FN:13,(anonymous_4)
FNF:1
FNH:1
FNDA:2,(anonymous_4)
DA:1,1
DA:11,1
DA:14,2
DA:40,1
LF:4
LH:4
BRF:0
BRH:0
end_of_record
TN:
SF:src\modules\post\components\comments-skeleton.tsx
FN:7,(anonymous_4)
FNF:1
FNH:1
FNDA:2,(anonymous_4)
DA:5,1
DA:8,2
DA:34,2
LF:3
LH:3
BRF:0
BRH:0
end_of_record
TN:
SF:src\modules\post\components\post-card.tsx
FNF:0
FNH:0
DA:1,2
DA:12,3
LF:2
LH:2
BRF:0
BRH:0
end_of_record
TN:
SF:src\modules\post\components\post-detail-skeleton.tsx
FN:30,(anonymous_4)
FNF:1
FNH:1
FNDA:2,(anonymous_4)
DA:5,1
DA:31,2
DA:61,2
LF:3
LH:3
BRF:0
BRH:0
end_of_record
TN:
SF:src\modules\post\components\post-list.tsx
FN:12,(anonymous_2)
FN:17,(anonymous_3)
FNF:2
FNH:2
FNDA:2,(anonymous_2)
FNDA:1,(anonymous_3)
DA:2,1
DA:10,1
DA:13,2
DA:17,1
LF:4
LH:4
BRF:0
BRH:0
end_of_record
TN:
SF:src\modules\post\components\post-search.tsx
FN:17,(anonymous_1)
FN:42,(anonymous_2)
FN:43,(anonymous_3)
FNF:3
FNH:3
FNDA:1,(anonymous_1)
FNDA:1,(anonymous_2)
FNDA:1,(anonymous_3)
DA:1,1
DA:2,1
DA:4,1
DA:5,1
DA:17,1
DA:26,1
DA:42,1
DA:43,1
LF:8
LH:8
BRDA:43,0,0,1
BRDA:43,0,1,1
BRF:2
BRH:2
end_of_record
TN:
SF:src\modules\post\components\posts-skeleton.tsx
FN:26,(anonymous_4)
FNF:1
FNH:1
FNDA:6,(anonymous_4)
DA:1,1
DA:7,1
DA:27,6
DA:50,2
LF:4
LH:4
BRF:0
BRH:0
end_of_record
TN:
SF:src\modules\post\hooks\use-post-detail-vm.ts
FN:8,(anonymous_1)
FN:15,(anonymous_2)
FN:24,(anonymous_3)
FN:32,(anonymous_4)
FN:38,(anonymous_5)
FN:46,(anonymous_6)
FNF:6
FNH:6
FNDA:2,(anonymous_1)
FNDA:2,(anonymous_2)
FNDA:1,(anonymous_3)
FNDA:1,(anonymous_4)
FNDA:2,(anonymous_5)
FNDA:2,(anonymous_6)
DA:1,1
DA:2,1
DA:3,1
DA:5,1
DA:8,2
DA:9,2
DA:10,2
DA:11,2
DA:12,2
DA:13,2
DA:15,2
DA:16,2
DA:17,1
DA:18,1
DA:22,2
DA:24,1
DA:30,2
DA:32,1
DA:38,2
DA:39,2
DA:40,1
DA:42,1
DA:46,2
DA:47,2
DA:48,1
DA:49,1
DA:53,2
DA:56,2
LF:28
LH:28
BRDA:13,0,0,2
BRDA:13,0,1,1
BRDA:16,1,0,1
BRDA:17,2,0,1
BRDA:39,3,0,1
BRDA:39,3,1,1
BRDA:39,4,0,2
BRDA:39,4,1,2
BRDA:47,5,0,1
BRDA:53,6,0,2
BRDA:53,6,1,1
BRDA:53,6,2,1
BRDA:53,6,3,1
BRF:13
BRH:13
end_of_record
TN:
SF:src\modules\post\hooks\use-posts-page-vm.ts
FN:12,(anonymous_1)
FN:26,(anonymous_2)
FN:32,(anonymous_3)
FN:39,(anonymous_4)
FN:46,(anonymous_5)
FN:48,(anonymous_6)
FN:53,(anonymous_7)
FNF:7
FNH:7
FNDA:4,(anonymous_1)
FNDA:2,(anonymous_2)
FNDA:2,(anonymous_3)
FNDA:1,(anonymous_4)
FNDA:3,(anonymous_5)
FNDA:50,(anonymous_6)
FNDA:3,(anonymous_7)
DA:1,1
DA:2,1
DA:3,1
DA:5,1
DA:8,1
DA:9,1
DA:10,1
DA:12,4
DA:13,4
DA:14,4
DA:15,4
DA:16,4
DA:17,4
DA:19,4
DA:26,4
DA:27,2
DA:28,2
DA:29,2
DA:32,4
DA:33,2
DA:34,1
DA:35,1
DA:39,4
DA:40,1
DA:41,1
DA:42,1
DA:45,4
DA:47,3
DA:48,50
DA:53,4
DA:55,4
LF:31
LH:31
BRDA:15,0,0,4
BRDA:15,0,1,0
BRDA:27,1,0,2
BRDA:27,1,1,0
BRDA:33,2,0,1
BRDA:34,3,0,1
BRDA:42,4,0,1
BRDA:42,4,1,0
BRDA:47,5,0,2
BRDA:47,5,1,1
BRDA:48,6,0,2
BRDA:48,6,1,0
BRDA:49,7,0,1
BRDA:49,7,1,0
BRDA:60,8,0,4
BRDA:60,8,1,0
BRF:16
BRH:10
end_of_record
TN:
SF:src\modules\post\model\index.ts
FNF:0
FNH:0
DA:1,2
DA:2,2
LF:2
LH:2
BRF:0
BRH:0
end_of_record
TN:
SF:src\modules\post\model\schema.ts
FNF:0
FNH:0
DA:1,2
DA:3,2
DA:10,2
DA:18,2
DA:19,2
LF:5
LH:5
BRF:0
BRH:0
end_of_record
TN:
SF:src\modules\post\pages\post-detail-page.tsx
FN:15,(anonymous_1)
FN:27,(anonymous_2)
FN:63,(anonymous_3)
FN:93,(anonymous_4)
FNF:4
FNH:4
FNDA:10,(anonymous_1)
FNDA:1,(anonymous_2)
FNDA:5,(anonymous_3)
FNDA:1,(anonymous_4)
DA:1,1
DA:3,1
DA:4,1
DA:5,1
DA:6,1
DA:12,1
DA:13,1
DA:15,1
DA:16,10
DA:18,10
DA:19,10
DA:21,10
DA:22,10
DA:24,10
DA:27,1
DA:32,9
DA:40,8
DA:51,6
DA:63,5
DA:64,5
DA:68,4
DA:79,2
DA:93,1
DA:167,10
LF:24
LH:24
BRDA:22,0,0,10
BRDA:22,0,1,3
BRDA:24,1,0,1
BRDA:32,2,0,1
BRDA:40,3,0,2
BRDA:44,4,0,2
BRDA:44,4,1,1
BRDA:51,5,0,1
BRDA:64,6,0,1
BRDA:68,7,0,2
BRDA:72,8,0,2
BRDA:72,8,1,1
BRDA:79,9,0,1
BRDA:128,10,0,5
BRDA:153,11,0,5
BRF:15
BRH:15
end_of_record
TN:
SF:src\modules\post\pages\posts-page.tsx
FN:11,(anonymous_3)
FN:42,(anonymous_4)
FN:64,(anonymous_5)
FN:102,(anonymous_6)
FN:103,(anonymous_7)
FNF:5
FNH:5
FNDA:6,(anonymous_3)
FNDA:1,(anonymous_4)
FNDA:1,(anonymous_5)
FNDA:1,(anonymous_6)
FNDA:2,(anonymous_7)
DA:1,1
DA:2,1
DA:4,1
DA:5,1
DA:6,1
DA:7,1
DA:8,1
DA:9,1
DA:11,1
DA:12,6
DA:13,6
DA:14,6
DA:29,6
DA:31,6
DA:39,5
DA:42,1
DA:64,1
DA:102,1
DA:103,2
DA:120,7
LF:20
LH:20
BRDA:31,0,0,1
BRDA:39,1,0,2
BRDA:39,2,0,5
BRDA:39,2,1,3
BRDA:42,3,0,2
BRDA:42,3,1,1
BRDA:55,4,0,3
BRDA:60,5,0,3
BRDA:60,5,1,1
BRDA:89,6,0,2
BRDA:93,7,0,1
BRDA:93,7,1,1
BRDA:105,8,0,1
BRF:13
BRH:13
end_of_record
TN:
SF:src\modules\todo\components\todo-filter-tabs.tsx
FN:33,(anonymous_2)
FN:46,(anonymous_3)
FNF:2
FNH:2
FNDA:3,(anonymous_2)
FNDA:1,(anonymous_3)
DA:1,1
DA:2,1
DA:25,1
DA:35,3
DA:36,3
DA:38,3
DA:46,1
LF:7
LH:7
BRDA:35,0,0,1
BRDA:35,0,1,2
BRDA:35,1,0,1
BRDA:35,1,1,1
BRDA:49,2,0,1
BRDA:49,2,1,2
BRDA:58,3,0,1
BRDA:58,3,1,2
BRF:8
BRH:8
end_of_record
TN:
SF:src\modules\todo\components\todo-form.tsx
FN:16,(anonymous_1)
FN:26,(anonymous_2)
FN:44,(anonymous_3)
FNF:3
FNH:3
FNDA:3,(anonymous_1)
FNDA:1,(anonymous_2)
FNDA:2,(anonymous_3)
DA:1,1
DA:2,1
DA:4,1
DA:5,1
DA:16,3
DA:24,3
DA:26,3
DA:27,1
DA:28,1
DA:29,1
DA:30,1
DA:44,2
LF:12
LH:12
BRDA:29,0,0,1
BRF:1
BRH:1
end_of_record
TN:
SF:src\modules\todo\components\todo-item.tsx
FN:19,(anonymous_1)
FNF:1
FNH:1
FNDA:4,(anonymous_1)
DA:1,2
DA:2,2
DA:4,2
DA:5,2
DA:19,4
DA:28,4
LF:6
LH:6
BRDA:34,0,0,2
BRDA:34,0,1,2
BRDA:44,1,0,2
BRDA:44,1,1,2
BRDA:48,2,0,2
BRDA:48,2,1,2
BRDA:52,3,0,2
BRDA:65,4,0,4
BRDA:65,4,1,2
BRF:9
BRH:9
end_of_record
TN:
SF:src\modules\todo\components\todo-list.tsx
FN:22,(anonymous_1)
FN:47,(anonymous_2)
FN:52,(anonymous_3)
FN:53,(anonymous_4)
FNF:4
FNH:4
FNDA:3,(anonymous_1)
FNDA:2,(anonymous_2)
FNDA:1,(anonymous_3)
FNDA:1,(anonymous_4)
DA:3,1
DA:6,1
DA:22,3
DA:35,3
DA:48,2
DA:52,1
DA:53,1
LF:7
LH:7
BRDA:35,0,0,2
BRDA:40,1,0,1
BRDA:40,1,1,1
BRF:3
BRH:3
end_of_record
TN:
SF:src\modules\todo\hooks\index.ts
FNF:0
FNH:0
DA:1,1
LF:1
LH:1
BRF:0
BRH:0
end_of_record
TN:
SF:src\modules\todo\hooks\use-todos-page-vm.ts
FN:8,(anonymous_1)
FN:10,(anonymous_2)
FN:12,(anonymous_3)
FN:13,(anonymous_4)
FN:20,(anonymous_5)
FN:21,(anonymous_6)
FN:22,(anonymous_7)
FN:23,(anonymous_8)
FNF:8
FNH:8
FNDA:2,(anonymous_1)
FNDA:2,(anonymous_2)
FNDA:2,(anonymous_3)
FNDA:2,(anonymous_4)
FNDA:1,(anonymous_5)
FNDA:1,(anonymous_6)
FNDA:1,(anonymous_7)
FNDA:1,(anonymous_8)
DA:1,1
DA:3,1
DA:5,1
DA:6,1
DA:8,2
DA:9,2
DA:10,2
DA:12,2
DA:13,2
DA:15,2
DA:20,1
DA:21,1
DA:22,1
DA:23,1
LF:14
LH:14
BRF:0
BRH:0
end_of_record
TN:
SF:src\modules\todo\model\helpers.ts
FN:3,(anonymous_3)
FN:4,(anonymous_4)
FN:5,(anonymous_5)
FN:9,(anonymous_6)
FN:10,(anonymous_7)
FNF:5
FNH:5
FNDA:5,(anonymous_3)
FNDA:5,(anonymous_4)
FNDA:3,(anonymous_5)
FNDA:4,(anonymous_6)
FNDA:7,(anonymous_7)
DA:3,5
DA:4,5
DA:5,3
DA:6,2
DA:9,4
DA:10,7
DA:11,4
DA:12,4
DA:14,4
LF:9
LH:9
BRDA:4,0,0,2
BRDA:5,1,0,1
BRDA:18,2,0,3
BRDA:18,2,1,1
BRF:4
BRH:4
end_of_record
TN:
SF:src\modules\todo\model\index.ts
FNF:0
FNH:0
DA:1,1
DA:2,1
LF:2
LH:2
BRF:0
BRH:0
end_of_record
TN:
SF:src\modules\todo\pages\todos-page.tsx
FN:9,(anonymous_1)
FN:16,(anonymous_2)
FN:23,(anonymous_3)
FN:80,(anonymous_4)
FN:104,(anonymous_5)
FN:105,(anonymous_6)
FN:106,(anonymous_7)
FNF:7
FNH:7
FNDA:4,(anonymous_1)
FNDA:2,(anonymous_2)
FNDA:1,(anonymous_3)
FNDA:3,(anonymous_4)
FNDA:4,(anonymous_5)
FNDA:4,(anonymous_6)
FNDA:4,(anonymous_7)
DA:1,1
DA:2,1
DA:3,1
DA:5,1
DA:6,1
DA:7,1
DA:9,1
DA:10,4
DA:11,4
DA:12,4
DA:13,4
DA:14,4
DA:16,4
DA:17,2
DA:18,1
DA:19,1
DA:23,4
DA:24,1
DA:25,1
DA:28,4
DA:80,3
DA:104,4
DA:105,4
DA:106,4
DA:119,2
LF:25
LH:25
BRDA:17,0,0,1
BRDA:18,1,0,1
BRDA:41,2,0,1
BRDA:41,2,1,3
BRDA:46,3,0,4
BRDA:77,4,0,4
BRDA:99,5,0,3
BRDA:99,5,1,1
BRDA:110,6,0,4
BRF:9
BRH:9
end_of_record
TN:
SF:src\modules\todo\services\index.ts
FNF:0
FNH:0
DA:1,2
LF:1
LH:1
BRF:0
BRH:0
end_of_record
TN:
SF:src\modules\todo\services\todos-storage.ts
FN:5,(anonymous_3)
FN:15,(anonymous_4)
FNF:2
FNH:2
FNDA:5,(anonymous_3)
FNDA:3,(anonymous_4)
DA:3,3
DA:5,5
DA:6,5
DA:7,4
DA:8,4
DA:9,4
DA:11,1
DA:15,3
DA:16,3
DA:17,2
DA:18,2
LF:11
LH:11
BRDA:6,0,0,1
BRDA:9,1,0,2
BRDA:9,1,1,2
BRDA:16,2,0,1
BRF:4
BRH:4
end_of_record
TN:
SF:src\modules\todo\store\index.ts
FNF:0
FNH:0
DA:1,1
LF:1
LH:1
BRF:0
BRH:0
end_of_record
TN:
SF:src\modules\todo\store\todos-slice.ts
FN:11,(anonymous_7)
FN:20,(anonymous_8)
FN:29,(anonymous_9)
FN:30,(anonymous_10)
FN:35,(anonymous_11)
FN:36,(anonymous_12)
FN:38,(anonymous_13)
FN:41,(anonymous_14)
FNF:8
FNH:8
FNDA:1,(anonymous_7)
FNDA:1,(anonymous_8)
FNDA:2,(anonymous_9)
FNDA:3,(anonymous_10)
FNDA:1,(anonymous_11)
FNDA:2,(anonymous_12)
FNDA:1,(anonymous_13)
FNDA:1,(anonymous_14)
DA:1,3
DA:4,3
DA:6,3
DA:11,3
DA:12,1
DA:16,3
DA:21,1
DA:27,1
DA:30,3
DA:31,2
DA:32,1
DA:36,2
DA:39,1
DA:42,1
DA:47,4
DA:48,7
LF:16
LH:16
BRDA:12,0,0,0
BRDA:12,0,1,1
BRDA:12,1,0,1
BRDA:12,1,1,1
BRDA:31,2,0,1
BRF:5
BRH:4
end_of_record
TN:
SF:src\shared\config\api.ts
FN:3,(anonymous_3)
FN:17,(anonymous_4)
FNF:2
FNH:2
FNDA:9,(anonymous_3)
FNDA:10,(anonymous_4)
DA:1,5
DA:3,5
DA:4,9
DA:5,2
DA:8,7
DA:14,7
DA:17,5
DA:18,10
DA:20,5
LF:9
LH:9
BRDA:4,0,0,2
BRDA:4,1,0,9
BRDA:4,1,1,9
BRDA:18,2,0,10
BRDA:18,2,1,9
BRDA:18,2,2,5
BRF:6
BRH:6
end_of_record
TN:
SF:src\utils\cn.ts
FN:4,cn
FNF:1
FNH:1
FNDA:121,cn
DA:1,15
DA:2,15
DA:4,121
DA:5,121
LF:4
LH:4
BRF:0
BRH:0
end_of_record
